<?xml version="1.0" encoding="UTF-8"?>
<testsuite xmlns:xsi="http://www.w3.org/2001/XMLSchema-instance" xsi:noNamespaceSchemaLocation="https://maven.apache.org/surefire/maven-surefire-plugin/xsd/surefire-test-report.xsd" version="3.0.2" name="com.nnk.controllers.RuleNameControllerTest" time="2.326" tests="11" errors="0" skipped="0" failures="0">
  <properties>
[...]
</properties>
  <testcase name="shouldRedirectWithErrorIfBindingFails" classname="com.nnk.controllers.RuleNameControllerTest" time="0.12">
    <system-out><![CDATA[2026-03-30T14:38:11.493+02:00  INFO 2846766 --- [           main] t.c.s.AnnotationConfigContextLoaderUtils : Could not detect default configuration classes for test class [com.nnk.controllers.RuleNameControllerTest]: RuleNameControllerTest does not declare any static, non-private, non-final, nested classes annotated with @Configuration.
2026-03-30T14:38:11.501+02:00  INFO 2846766 --- [           main] .b.t.c.SpringBootTestContextBootstrapper : Found @SpringBootConfiguration com.nnk.Application for test class com.nnk.controllers.RuleNameControllerTest

  .   ____          _            __ _ _
 /\\ / ___'_ __ _ _(_)_ __  __ _ \ \ \ \
( ( )\___ | '_ | '_| | '_ \/ _` | \ \ \ \
 \\/  ___)| |_)| | | | | || (_| |  ) ) ) )
  '  |____| .__|_| |_|_| |_\__, | / / / /
 =========|_|==============|___/=/_/_/_/

 :: Spring Boot ::                (v4.0.3)

2026-03-30T14:38:11.542+02:00  INFO 2846766 --- [           main] c.n.controllers.RuleNameControllerTest   : Starting RuleNameControllerTest using Java 21.0.10 with PID 2846766 (started by ludo in /home/ludo/Bureau/JavaDA_PROJECT7_RESTAPI/Poseiden-skeleton)
2026-03-30T14:38:11.542+02:00  INFO 2846766 --- [           main] c.n.controllers.RuleNameControllerTest   : The following 1 profile is active: "test"
2026-03-30T14:38:11.898+02:00  INFO 2846766 --- [           main] .s.d.r.c.RepositoryConfigurationDelegate : Bootstrapping Spring Data JPA repositories in DEFAULT mode.
2026-03-30T14:38:11.914+02:00  INFO 2846766 --- [           main] .s.d.r.c.RepositoryConfigurationDelegate : Finished Spring Data repository scanning in 14 ms. Found 6 JPA repository interfaces.
2026-03-30T14:38:12.203+02:00  INFO 2846766 --- [           main] org.hibernate.orm.jpa                    : HHH008540: Processing PersistenceUnitInfo [name: default]
2026-03-30T14:38:12.220+02:00  INFO 2846766 --- [           main] o.s.o.j.p.SpringPersistenceUnitInfo      : No LoadTimeWeaver setup: ignoring JPA class transformer
2026-03-30T14:38:12.221+02:00  INFO 2846766 --- [           main] com.zaxxer.hikari.HikariDataSource       : HikariPool-3 - Starting...
2026-03-30T14:38:12.222+02:00  INFO 2846766 --- [           main] com.zaxxer.hikari.pool.HikariPool        : HikariPool-3 - Added connection conn10: url=jdbc:h2:mem:testdb user=SA
2026-03-30T14:38:12.222+02:00  INFO 2846766 --- [           main] com.zaxxer.hikari.HikariDataSource       : HikariPool-3 - Start completed.
2026-03-30T14:38:12.223+02:00  WARN 2846766 --- [           main] org.hibernate.orm.deprecation            : HHH90000025: H2Dialect does not need to be specified explicitly using 'hibernate.dialect' (remove the property setting and it will be selected by default)
2026-03-30T14:38:12.224+02:00  INFO 2846766 --- [           main] org.hibernate.orm.connections.pooling    : HHH10001005: Database info:
	Database JDBC URL [jdbc:h2:mem:testdb]
	Database driver: H2 JDBC Driver
	Database dialect: H2Dialect
	Database version: 2.4.240
	Default catalog/schema: TESTDB/PUBLIC
	Autocommit mode: undefined/unknown
	Isolation level: READ_COMMITTED [default READ_COMMITTED]
	JDBC fetch size: 100
	Pool: DataSourceConnectionProvider
	Minimum pool size: undefined/unknown
	Maximum pool size: undefined/unknown
Hibernate: create global temporary table HTE_users(id integer, rn_ integer not null, fullname varchar(125), password varchar(125), role varchar(125), username varchar(125), primary key (rn_)) transactional
2026-03-30T14:38:12.319+02:00  INFO 2846766 --- [           main] org.hibernate.orm.core                   : HHH000489: No JTA platform available (set 'hibernate.transaction.jta.platform' to enable JTA platform integration)
Hibernate: drop table if exists bidlist cascade 
Hibernate: drop table if exists curvepoint cascade 
Hibernate: drop table if exists rating cascade 
Hibernate: drop table if exists rulename cascade 
Hibernate: drop table if exists trade cascade 
Hibernate: drop table if exists users cascade 
Hibernate: drop sequence if exists users_seq
Hibernate: create sequence users_seq start with 1 increment by 50
Hibernate: create table bidlist (ask numeric(12,2), ask_quantity numeric(12,2), bid numeric(12,2), bid_list_id integer generated by default as identity, bid_quantity numeric(12,2) not null, bid_list_date timestamp(6), creation_date timestamp(6), revision_date timestamp(6), status varchar(10), account varchar(30) not null, type varchar(30) not null, benchmark varchar(125), book varchar(125), commentary varchar(125), deal_name varchar(125), deal_type varchar(125), revision_name varchar(125), security varchar(125), side varchar(125), source_list_id varchar(125), trader varchar(125), creation_name varchar(255), primary key (bid_list_id))
Hibernate: create table curvepoint (curve_id integer not null, curve_value numeric(12,2) not null, id integer generated by default as identity, term numeric(12,2) not null, as_of_date timestamp(6), creation_date timestamp(6), primary key (id))
Hibernate: create table rating (id integer generated by default as identity, order_number integer not null, fitch_rating varchar(125) not null, moodys_rating varchar(125) not null, sandprating varchar(125) not null, primary key (id))
Hibernate: create table rulename (id integer generated by default as identity, description varchar(125) not null, json varchar(125) not null, name varchar(125) not null, sql_part varchar(125) not null, sql_str varchar(125) not null, template varchar(512) not null, primary key (id))
Hibernate: create table trade (buy_price numeric(12,2), buy_quantity numeric(12,2) not null, sell_price numeric(12,2), sell_quantity numeric(12,2), trade_id integer generated by default as identity, creation_date timestamp(6), revision_date timestamp(6), trade_date timestamp(6), status varchar(10), account varchar(30) not null, type varchar(30) not null, benchmark varchar(125), book varchar(125), creation_name varchar(125), deal_name varchar(125), deal_type varchar(125), revision_name varchar(125), security varchar(125), side varchar(125), source_list_id varchar(125), trader varchar(125), primary key (trade_id))
Hibernate: create table users (id integer not null, fullname varchar(125) not null, password varchar(125) not null, role varchar(125) not null, username varchar(125) not null unique, primary key (id))
2026-03-30T14:38:12.333+02:00  INFO 2846766 --- [           main] j.LocalContainerEntityManagerFactoryBean : Initialized JPA EntityManagerFactory for persistence unit 'default'
2026-03-30T14:38:12.483+02:00  WARN 2846766 --- [           main] JpaBaseConfiguration$JpaWebConfiguration : spring.jpa.open-in-view is enabled by default. Therefore, database queries may be performed during view rendering. Explicitly configure spring.jpa.open-in-view to disable this warning
2026-03-30T14:38:12.589+02:00  INFO 2846766 --- [           main] r$InitializeUserDetailsManagerConfigurer : Global AuthenticationManager configured with UserDetailsService bean with name customUserDetailsService
2026-03-30T14:38:12.726+02:00 DEBUG 2846766 --- [           main] o.s.s.web.DefaultSecurityFilterChain     : Will secure any request with filters: DisableEncodeUrlFilter, WebAsyncManagerIntegrationFilter, SecurityContextHolderFilter, HeaderWriterFilter, LogoutFilter, UsernamePasswordAuthenticationFilter, RequestCacheAwareFilter, SecurityContextHolderAwareRequestFilter, AnonymousAuthenticationFilter, ExceptionTranslationFilter, AuthorizationFilter
2026-03-30T14:38:13.137+02:00  INFO 2846766 --- [           main] o.s.b.t.m.w.SpringBootMockServletContext : Initializing Spring TestDispatcherServlet ''
2026-03-30T14:38:13.137+02:00  INFO 2846766 --- [           main] o.s.t.web.servlet.TestDispatcherServlet  : Initializing Servlet ''
2026-03-30T14:38:13.139+02:00  INFO 2846766 --- [           main] o.s.t.web.servlet.TestDispatcherServlet  : Completed initialization in 2 ms
2026-03-30T14:38:13.159+02:00  INFO 2846766 --- [           main] c.n.controllers.RuleNameControllerTest   : Started RuleNameControllerTest in 1.644 seconds (process running for 9.557)
Hibernate: select next value for users_seq
Hibernate: insert into users (fullname,password,role,username,id) values (?,?,?,?,?)
Hibernate: insert into rulename (description,json,name,sql_part,sql_str,template,id) values (?,?,?,?,?,?,default)
2026-03-30T14:38:13.199+02:00 DEBUG 2846766 --- [           main] w.c.HttpSessionSecurityContextRepository : Created HttpSession as SecurityContext is non-default
2026-03-30T14:38:13.199+02:00 DEBUG 2846766 --- [           main] w.c.HttpSessionSecurityContextRepository : Stored SecurityContextImpl [Authentication=UsernamePasswordAuthenticationToken [Principal=org.springframework.security.core.userdetails.User [Username=user, Password=[PROTECTED], Enabled=true, AccountNonExpired=true, CredentialsNonExpired=true, AccountNonLocked=true, Granted Authorities=[ROLE_USER]], Credentials=[PROTECTED], Authenticated=true, Details=null, Granted Authorities=[ROLE_USER]]] to HttpSession [org.springframework.mock.web.MockHttpSession@7cc7dc3f]
2026-03-30T14:38:13.200+02:00 DEBUG 2846766 --- [           main] w.c.HttpSessionSecurityContextRepository : Retrieved SecurityContextImpl [Authentication=UsernamePasswordAuthenticationToken [Principal=org.springframework.security.core.userdetails.User [Username=user, Password=[PROTECTED], Enabled=true, AccountNonExpired=true, CredentialsNonExpired=true, AccountNonLocked=true, Granted Authorities=[ROLE_USER]], Credentials=[PROTECTED], Authenticated=true, Details=null, Granted Authorities=[ROLE_USER]]]
2026-03-30T14:38:13.200+02:00 DEBUG 2846766 --- [           main] w.c.HttpSessionSecurityContextRepository : Stored SecurityContextImpl [Authentication=UsernamePasswordAuthenticationToken [Principal=org.springframework.security.core.userdetails.User [Username=user, Password=[PROTECTED], Enabled=true, AccountNonExpired=true, CredentialsNonExpired=true, AccountNonLocked=true, Granted Authorities=[ROLE_USER]], Credentials=[PROTECTED], Authenticated=true, Details=null, Granted Authorities=[ROLE_USER]]] to HttpSession [org.springframework.mock.web.MockHttpSession@7cc7dc3f]
2026-03-30T14:38:13.214+02:00 DEBUG 2846766 --- [           main] o.s.security.web.FilterChainProxy        : Securing POST /ruleName/update/1
2026-03-30T14:38:13.219+02:00 DEBUG 2846766 --- [           main] w.c.HttpSessionSecurityContextRepository : Retrieved SecurityContextImpl [Authentication=UsernamePasswordAuthenticationToken [Principal=org.springframework.security.core.userdetails.User [Username=user, Password=[PROTECTED], Enabled=true, AccountNonExpired=true, CredentialsNonExpired=true, AccountNonLocked=true, Granted Authorities=[ROLE_USER]], Credentials=[PROTECTED], Authenticated=true, Details=null, Granted Authorities=[ROLE_USER]]]
2026-03-30T14:38:13.220+02:00 DEBUG 2846766 --- [           main] o.s.security.web.FilterChainProxy        : Secured POST /ruleName/update/1
]]></system-out>
  </testcase>
  <testcase name="shouldDisplayErrorIfExceptionWhenDeleting" classname="com.nnk.controllers.RuleNameControllerTest" time="0.332">
    <system-out><![CDATA[Hibernate: select next value for users_seq
Hibernate: insert into users (fullname,password,role,username,id) values (?,?,?,?,?)
Hibernate: insert into rulename (description,json,name,sql_part,sql_str,template,id) values (?,?,?,?,?,?,default)
2026-03-30T14:38:13.297+02:00 DEBUG 2846766 --- [           main] w.c.HttpSessionSecurityContextRepository : Created HttpSession as SecurityContext is non-default
2026-03-30T14:38:13.297+02:00 DEBUG 2846766 --- [           main] w.c.HttpSessionSecurityContextRepository : Stored SecurityContextImpl [Authentication=UsernamePasswordAuthenticationToken [Principal=org.springframework.security.core.userdetails.User [Username=user, Password=[PROTECTED], Enabled=true, AccountNonExpired=true, CredentialsNonExpired=true, AccountNonLocked=true, Granted Authorities=[ROLE_USER]], Credentials=[PROTECTED], Authenticated=true, Details=null, Granted Authorities=[ROLE_USER]]] to HttpSession [org.springframework.mock.web.MockHttpSession@6c57f74e]
2026-03-30T14:38:13.297+02:00 DEBUG 2846766 --- [           main] w.c.HttpSessionSecurityContextRepository : Retrieved SecurityContextImpl [Authentication=UsernamePasswordAuthenticationToken [Principal=org.springframework.security.core.userdetails.User [Username=user, Password=[PROTECTED], Enabled=true, AccountNonExpired=true, CredentialsNonExpired=true, AccountNonLocked=true, Granted Authorities=[ROLE_USER]], Credentials=[PROTECTED], Authenticated=true, Details=null, Granted Authorities=[ROLE_USER]]]
2026-03-30T14:38:13.297+02:00 DEBUG 2846766 --- [           main] w.c.HttpSessionSecurityContextRepository : Stored SecurityContextImpl [Authentication=UsernamePasswordAuthenticationToken [Principal=org.springframework.security.core.userdetails.User [Username=user, Password=[PROTECTED], Enabled=true, AccountNonExpired=true, CredentialsNonExpired=true, AccountNonLocked=true, Granted Authorities=[ROLE_USER]], Credentials=[PROTECTED], Authenticated=true, Details=null, Granted Authorities=[ROLE_USER]]] to HttpSession [org.springframework.mock.web.MockHttpSession@6c57f74e]
2026-03-30T14:38:13.298+02:00 DEBUG 2846766 --- [           main] o.s.security.web.FilterChainProxy        : Securing GET /ruleName/delete/999
2026-03-30T14:38:13.298+02:00 DEBUG 2846766 --- [           main] w.c.HttpSessionSecurityContextRepository : Retrieved SecurityContextImpl [Authentication=UsernamePasswordAuthenticationToken [Principal=org.springframework.security.core.userdetails.User [Username=user, Password=[PROTECTED], Enabled=true, AccountNonExpired=true, CredentialsNonExpired=true, AccountNonLocked=true, Granted Authorities=[ROLE_USER]], Credentials=[PROTECTED], Authenticated=true, Details=null, Granted Authorities=[ROLE_USER]]]
2026-03-30T14:38:13.298+02:00 DEBUG 2846766 --- [           main] o.s.security.web.FilterChainProxy        : Secured GET /ruleName/delete/999
Hibernate: select count(*) from rulename rn1_0 where rn1_0.id=?
]]></system-out>
  </testcase>
  <testcase name="shouldUpdateRuleName" classname="com.nnk.controllers.RuleNameControllerTest" time="0.01">
    <system-out><![CDATA[Hibernate: insert into users (fullname,password,role,username,id) values (?,?,?,?,?)
Hibernate: insert into rulename (description,json,name,sql_part,sql_str,template,id) values (?,?,?,?,?,?,default)
2026-03-30T14:38:13.629+02:00 DEBUG 2846766 --- [           main] w.c.HttpSessionSecurityContextRepository : Created HttpSession as SecurityContext is non-default
2026-03-30T14:38:13.629+02:00 DEBUG 2846766 --- [           main] w.c.HttpSessionSecurityContextRepository : Stored SecurityContextImpl [Authentication=UsernamePasswordAuthenticationToken [Principal=org.springframework.security.core.userdetails.User [Username=user, Password=[PROTECTED], Enabled=true, AccountNonExpired=true, CredentialsNonExpired=true, AccountNonLocked=true, Granted Authorities=[ROLE_USER]], Credentials=[PROTECTED], Authenticated=true, Details=null, Granted Authorities=[ROLE_USER]]] to HttpSession [org.springframework.mock.web.MockHttpSession@7beb9b62]
2026-03-30T14:38:13.629+02:00 DEBUG 2846766 --- [           main] w.c.HttpSessionSecurityContextRepository : Retrieved SecurityContextImpl [Authentication=UsernamePasswordAuthenticationToken [Principal=org.springframework.security.core.userdetails.User [Username=user, Password=[PROTECTED], Enabled=true, AccountNonExpired=true, CredentialsNonExpired=true, AccountNonLocked=true, Granted Authorities=[ROLE_USER]], Credentials=[PROTECTED], Authenticated=true, Details=null, Granted Authorities=[ROLE_USER]]]
2026-03-30T14:38:13.629+02:00 DEBUG 2846766 --- [           main] w.c.HttpSessionSecurityContextRepository : Stored SecurityContextImpl [Authentication=UsernamePasswordAuthenticationToken [Principal=org.springframework.security.core.userdetails.User [Username=user, Password=[PROTECTED], Enabled=true, AccountNonExpired=true, CredentialsNonExpired=true, AccountNonLocked=true, Granted Authorities=[ROLE_USER]], Credentials=[PROTECTED], Authenticated=true, Details=null, Granted Authorities=[ROLE_USER]]] to HttpSession [org.springframework.mock.web.MockHttpSession@7beb9b62]
2026-03-30T14:38:13.629+02:00 DEBUG 2846766 --- [           main] o.s.security.web.FilterChainProxy        : Securing POST /ruleName/update/3
2026-03-30T14:38:13.629+02:00 DEBUG 2846766 --- [           main] w.c.HttpSessionSecurityContextRepository : Retrieved SecurityContextImpl [Authentication=UsernamePasswordAuthenticationToken [Principal=org.springframework.security.core.userdetails.User [Username=user, Password=[PROTECTED], Enabled=true, AccountNonExpired=true, CredentialsNonExpired=true, AccountNonLocked=true, Granted Authorities=[ROLE_USER]], Credentials=[PROTECTED], Authenticated=true, Details=null, Granted Authorities=[ROLE_USER]]]
2026-03-30T14:38:13.629+02:00 DEBUG 2846766 --- [           main] o.s.security.web.FilterChainProxy        : Secured POST /ruleName/update/3
]]></system-out>
  </testcase>
  <testcase name="shouldReturnRuleNameList" classname="com.nnk.controllers.RuleNameControllerTest" time="0.029">
    <system-out><![CDATA[Hibernate: insert into users (fullname,password,role,username,id) values (?,?,?,?,?)
Hibernate: insert into rulename (description,json,name,sql_part,sql_str,template,id) values (?,?,?,?,?,?,default)
2026-03-30T14:38:13.641+02:00 DEBUG 2846766 --- [           main] w.c.HttpSessionSecurityContextRepository : Created HttpSession as SecurityContext is non-default
2026-03-30T14:38:13.641+02:00 DEBUG 2846766 --- [           main] w.c.HttpSessionSecurityContextRepository : Stored SecurityContextImpl [Authentication=UsernamePasswordAuthenticationToken [Principal=org.springframework.security.core.userdetails.User [Username=user, Password=[PROTECTED], Enabled=true, AccountNonExpired=true, CredentialsNonExpired=true, AccountNonLocked=true, Granted Authorities=[ROLE_USER]], Credentials=[PROTECTED], Authenticated=true, Details=null, Granted Authorities=[ROLE_USER]]] to HttpSession [org.springframework.mock.web.MockHttpSession@336aadd7]
2026-03-30T14:38:13.641+02:00 DEBUG 2846766 --- [           main] w.c.HttpSessionSecurityContextRepository : Retrieved SecurityContextImpl [Authentication=UsernamePasswordAuthenticationToken [Principal=org.springframework.security.core.userdetails.User [Username=user, Password=[PROTECTED], Enabled=true, AccountNonExpired=true, CredentialsNonExpired=true, AccountNonLocked=true, Granted Authorities=[ROLE_USER]], Credentials=[PROTECTED], Authenticated=true, Details=null, Granted Authorities=[ROLE_USER]]]
2026-03-30T14:38:13.641+02:00 DEBUG 2846766 --- [           main] w.c.HttpSessionSecurityContextRepository : Stored SecurityContextImpl [Authentication=UsernamePasswordAuthenticationToken [Principal=org.springframework.security.core.userdetails.User [Username=user, Password=[PROTECTED], Enabled=true, AccountNonExpired=true, CredentialsNonExpired=true, AccountNonLocked=true, Granted Authorities=[ROLE_USER]], Credentials=[PROTECTED], Authenticated=true, Details=null, Granted Authorities=[ROLE_USER]]] to HttpSession [org.springframework.mock.web.MockHttpSession@336aadd7]
2026-03-30T14:38:13.642+02:00 DEBUG 2846766 --- [           main] o.s.security.web.FilterChainProxy        : Securing GET /ruleName/list
2026-03-30T14:38:13.642+02:00 DEBUG 2846766 --- [           main] w.c.HttpSessionSecurityContextRepository : Retrieved SecurityContextImpl [Authentication=UsernamePasswordAuthenticationToken [Principal=org.springframework.security.core.userdetails.User [Username=user, Password=[PROTECTED], Enabled=true, AccountNonExpired=true, CredentialsNonExpired=true, AccountNonLocked=true, Granted Authorities=[ROLE_USER]], Credentials=[PROTECTED], Authenticated=true, Details=null, Granted Authorities=[ROLE_USER]]]
2026-03-30T14:38:13.642+02:00 DEBUG 2846766 --- [           main] o.s.security.web.FilterChainProxy        : Secured GET /ruleName/list
Hibernate: select rn1_0.id,rn1_0.description,rn1_0.json,rn1_0.name,rn1_0.sql_part,rn1_0.sql_str,rn1_0.template from rulename rn1_0
]]></system-out>
  </testcase>
  <testcase name="shouldValidateRuleName" classname="com.nnk.controllers.RuleNameControllerTest" time="0.014">
    <system-out><![CDATA[Hibernate: insert into users (fullname,password,role,username,id) values (?,?,?,?,?)
Hibernate: insert into rulename (description,json,name,sql_part,sql_str,template,id) values (?,?,?,?,?,?,default)
2026-03-30T14:38:13.671+02:00 DEBUG 2846766 --- [           main] w.c.HttpSessionSecurityContextRepository : Created HttpSession as SecurityContext is non-default
2026-03-30T14:38:13.671+02:00 DEBUG 2846766 --- [           main] w.c.HttpSessionSecurityContextRepository : Stored SecurityContextImpl [Authentication=UsernamePasswordAuthenticationToken [Principal=org.springframework.security.core.userdetails.User [Username=user, Password=[PROTECTED], Enabled=true, AccountNonExpired=true, CredentialsNonExpired=true, AccountNonLocked=true, Granted Authorities=[ROLE_USER]], Credentials=[PROTECTED], Authenticated=true, Details=null, Granted Authorities=[ROLE_USER]]] to HttpSession [org.springframework.mock.web.MockHttpSession@42b9bccb]
2026-03-30T14:38:13.671+02:00 DEBUG 2846766 --- [           main] w.c.HttpSessionSecurityContextRepository : Retrieved SecurityContextImpl [Authentication=UsernamePasswordAuthenticationToken [Principal=org.springframework.security.core.userdetails.User [Username=user, Password=[PROTECTED], Enabled=true, AccountNonExpired=true, CredentialsNonExpired=true, AccountNonLocked=true, Granted Authorities=[ROLE_USER]], Credentials=[PROTECTED], Authenticated=true, Details=null, Granted Authorities=[ROLE_USER]]]
2026-03-30T14:38:13.671+02:00 DEBUG 2846766 --- [           main] w.c.HttpSessionSecurityContextRepository : Stored SecurityContextImpl [Authentication=UsernamePasswordAuthenticationToken [Principal=org.springframework.security.core.userdetails.User [Username=user, Password=[PROTECTED], Enabled=true, AccountNonExpired=true, CredentialsNonExpired=true, AccountNonLocked=true, Granted Authorities=[ROLE_USER]], Credentials=[PROTECTED], Authenticated=true, Details=null, Granted Authorities=[ROLE_USER]]] to HttpSession [org.springframework.mock.web.MockHttpSession@42b9bccb]
2026-03-30T14:38:13.672+02:00 DEBUG 2846766 --- [           main] o.s.security.web.FilterChainProxy        : Securing POST /ruleName/validate
2026-03-30T14:38:13.672+02:00 DEBUG 2846766 --- [           main] w.c.HttpSessionSecurityContextRepository : Retrieved SecurityContextImpl [Authentication=UsernamePasswordAuthenticationToken [Principal=org.springframework.security.core.userdetails.User [Username=user, Password=[PROTECTED], Enabled=true, AccountNonExpired=true, CredentialsNonExpired=true, AccountNonLocked=true, Granted Authorities=[ROLE_USER]], Credentials=[PROTECTED], Authenticated=true, Details=null, Granted Authorities=[ROLE_USER]]]
2026-03-30T14:38:13.672+02:00 DEBUG 2846766 --- [           main] o.s.security.web.FilterChainProxy        : Secured POST /ruleName/validate
Hibernate: insert into rulename (description,json,name,sql_part,sql_str,template,id) values (?,?,?,?,?,?,default)
]]></system-out>
  </testcase>
  <testcase name="shouldReturnUpdateForm" classname="com.nnk.controllers.RuleNameControllerTest" time="0.043">
    <system-out><![CDATA[Hibernate: insert into users (fullname,password,role,username,id) values (?,?,?,?,?)
Hibernate: insert into rulename (description,json,name,sql_part,sql_str,template,id) values (?,?,?,?,?,?,default)
2026-03-30T14:38:13.686+02:00 DEBUG 2846766 --- [           main] w.c.HttpSessionSecurityContextRepository : Created HttpSession as SecurityContext is non-default
2026-03-30T14:38:13.687+02:00 DEBUG 2846766 --- [           main] w.c.HttpSessionSecurityContextRepository : Stored SecurityContextImpl [Authentication=UsernamePasswordAuthenticationToken [Principal=org.springframework.security.core.userdetails.User [Username=user, Password=[PROTECTED], Enabled=true, AccountNonExpired=true, CredentialsNonExpired=true, AccountNonLocked=true, Granted Authorities=[ROLE_USER]], Credentials=[PROTECTED], Authenticated=true, Details=null, Granted Authorities=[ROLE_USER]]] to HttpSession [org.springframework.mock.web.MockHttpSession@2ac159a8]
2026-03-30T14:38:13.687+02:00 DEBUG 2846766 --- [           main] w.c.HttpSessionSecurityContextRepository : Retrieved SecurityContextImpl [Authentication=UsernamePasswordAuthenticationToken [Principal=org.springframework.security.core.userdetails.User [Username=user, Password=[PROTECTED], Enabled=true, AccountNonExpired=true, CredentialsNonExpired=true, AccountNonLocked=true, Granted Authorities=[ROLE_USER]], Credentials=[PROTECTED], Authenticated=true, Details=null, Granted Authorities=[ROLE_USER]]]
2026-03-30T14:38:13.687+02:00 DEBUG 2846766 --- [           main] w.c.HttpSessionSecurityContextRepository : Stored SecurityContextImpl [Authentication=UsernamePasswordAuthenticationToken [Principal=org.springframework.security.core.userdetails.User [Username=user, Password=[PROTECTED], Enabled=true, AccountNonExpired=true, CredentialsNonExpired=true, AccountNonLocked=true, Granted Authorities=[ROLE_USER]], Credentials=[PROTECTED], Authenticated=true, Details=null, Granted Authorities=[ROLE_USER]]] to HttpSession [org.springframework.mock.web.MockHttpSession@2ac159a8]
2026-03-30T14:38:13.687+02:00 DEBUG 2846766 --- [           main] o.s.security.web.FilterChainProxy        : Securing GET /ruleName/update/7
2026-03-30T14:38:13.688+02:00 DEBUG 2846766 --- [           main] w.c.HttpSessionSecurityContextRepository : Retrieved SecurityContextImpl [Authentication=UsernamePasswordAuthenticationToken [Principal=org.springframework.security.core.userdetails.User [Username=user, Password=[PROTECTED], Enabled=true, AccountNonExpired=true, CredentialsNonExpired=true, AccountNonLocked=true, Granted Authorities=[ROLE_USER]], Credentials=[PROTECTED], Authenticated=true, Details=null, Granted Authorities=[ROLE_USER]]]
2026-03-30T14:38:13.688+02:00 DEBUG 2846766 --- [           main] o.s.security.web.FilterChainProxy        : Secured GET /ruleName/update/7
]]></system-out>
  </testcase>
  <testcase name="shouldReturnFormWithErrorIfExceptionThrown" classname="com.nnk.controllers.RuleNameControllerTest" time="0.022">
    <system-out><![CDATA[Hibernate: insert into users (fullname,password,role,username,id) values (?,?,?,?,?)
Hibernate: insert into rulename (description,json,name,sql_part,sql_str,template,id) values (?,?,?,?,?,?,default)
2026-03-30T14:38:13.732+02:00 DEBUG 2846766 --- [           main] w.c.HttpSessionSecurityContextRepository : Created HttpSession as SecurityContext is non-default
2026-03-30T14:38:13.732+02:00 DEBUG 2846766 --- [           main] w.c.HttpSessionSecurityContextRepository : Stored SecurityContextImpl [Authentication=UsernamePasswordAuthenticationToken [Principal=org.springframework.security.core.userdetails.User [Username=user, Password=[PROTECTED], Enabled=true, AccountNonExpired=true, CredentialsNonExpired=true, AccountNonLocked=true, Granted Authorities=[ROLE_USER]], Credentials=[PROTECTED], Authenticated=true, Details=null, Granted Authorities=[ROLE_USER]]] to HttpSession [org.springframework.mock.web.MockHttpSession@32f6dfe1]
2026-03-30T14:38:13.732+02:00 DEBUG 2846766 --- [           main] w.c.HttpSessionSecurityContextRepository : Retrieved SecurityContextImpl [Authentication=UsernamePasswordAuthenticationToken [Principal=org.springframework.security.core.userdetails.User [Username=user, Password=[PROTECTED], Enabled=true, AccountNonExpired=true, CredentialsNonExpired=true, AccountNonLocked=true, Granted Authorities=[ROLE_USER]], Credentials=[PROTECTED], Authenticated=true, Details=null, Granted Authorities=[ROLE_USER]]]
2026-03-30T14:38:13.732+02:00 DEBUG 2846766 --- [           main] w.c.HttpSessionSecurityContextRepository : Stored SecurityContextImpl [Authentication=UsernamePasswordAuthenticationToken [Principal=org.springframework.security.core.userdetails.User [Username=user, Password=[PROTECTED], Enabled=true, AccountNonExpired=true, CredentialsNonExpired=true, AccountNonLocked=true, Granted Authorities=[ROLE_USER]], Credentials=[PROTECTED], Authenticated=true, Details=null, Granted Authorities=[ROLE_USER]]] to HttpSession [org.springframework.mock.web.MockHttpSession@32f6dfe1]
2026-03-30T14:38:13.733+02:00 DEBUG 2846766 --- [           main] o.s.security.web.FilterChainProxy        : Securing POST /ruleName/update/999
2026-03-30T14:38:13.734+02:00 DEBUG 2846766 --- [           main] w.c.HttpSessionSecurityContextRepository : Retrieved SecurityContextImpl [Authentication=UsernamePasswordAuthenticationToken [Principal=org.springframework.security.core.userdetails.User [Username=user, Password=[PROTECTED], Enabled=true, AccountNonExpired=true, CredentialsNonExpired=true, AccountNonLocked=true, Granted Authorities=[ROLE_USER]], Credentials=[PROTECTED], Authenticated=true, Details=null, Granted Authorities=[ROLE_USER]]]
2026-03-30T14:38:13.734+02:00 DEBUG 2846766 --- [           main] o.s.security.web.FilterChainProxy        : Secured POST /ruleName/update/999
Hibernate: select rn1_0.id,rn1_0.description,rn1_0.json,rn1_0.name,rn1_0.sql_part,rn1_0.sql_str,rn1_0.template from rulename rn1_0 where rn1_0.id=?
]]></system-out>
  </testcase>
  <testcase name="shouldReturnFormWithErrorIfBindingFails" classname="com.nnk.controllers.RuleNameControllerTest" time="0.011">
    <system-out><![CDATA[Hibernate: insert into users (fullname,password,role,username,id) values (?,?,?,?,?)
Hibernate: insert into rulename (description,json,name,sql_part,sql_str,template,id) values (?,?,?,?,?,?,default)
2026-03-30T14:38:13.754+02:00 DEBUG 2846766 --- [           main] w.c.HttpSessionSecurityContextRepository : Created HttpSession as SecurityContext is non-default
2026-03-30T14:38:13.754+02:00 DEBUG 2846766 --- [           main] w.c.HttpSessionSecurityContextRepository : Stored SecurityContextImpl [Authentication=UsernamePasswordAuthenticationToken [Principal=org.springframework.security.core.userdetails.User [Username=user, Password=[PROTECTED], Enabled=true, AccountNonExpired=true, CredentialsNonExpired=true, AccountNonLocked=true, Granted Authorities=[ROLE_USER]], Credentials=[PROTECTED], Authenticated=true, Details=null, Granted Authorities=[ROLE_USER]]] to HttpSession [org.springframework.mock.web.MockHttpSession@5f0c0ef5]
2026-03-30T14:38:13.754+02:00 DEBUG 2846766 --- [           main] w.c.HttpSessionSecurityContextRepository : Retrieved SecurityContextImpl [Authentication=UsernamePasswordAuthenticationToken [Principal=org.springframework.security.core.userdetails.User [Username=user, Password=[PROTECTED], Enabled=true, AccountNonExpired=true, CredentialsNonExpired=true, AccountNonLocked=true, Granted Authorities=[ROLE_USER]], Credentials=[PROTECTED], Authenticated=true, Details=null, Granted Authorities=[ROLE_USER]]]
2026-03-30T14:38:13.754+02:00 DEBUG 2846766 --- [           main] w.c.HttpSessionSecurityContextRepository : Stored SecurityContextImpl [Authentication=UsernamePasswordAuthenticationToken [Principal=org.springframework.security.core.userdetails.User [Username=user, Password=[PROTECTED], Enabled=true, AccountNonExpired=true, CredentialsNonExpired=true, AccountNonLocked=true, Granted Authorities=[ROLE_USER]], Credentials=[PROTECTED], Authenticated=true, Details=null, Granted Authorities=[ROLE_USER]]] to HttpSession [org.springframework.mock.web.MockHttpSession@5f0c0ef5]
2026-03-30T14:38:13.755+02:00 DEBUG 2846766 --- [           main] o.s.security.web.FilterChainProxy        : Securing POST /ruleName/validate
2026-03-30T14:38:13.755+02:00 DEBUG 2846766 --- [           main] w.c.HttpSessionSecurityContextRepository : Retrieved SecurityContextImpl [Authentication=UsernamePasswordAuthenticationToken [Principal=org.springframework.security.core.userdetails.User [Username=user, Password=[PROTECTED], Enabled=true, AccountNonExpired=true, CredentialsNonExpired=true, AccountNonLocked=true, Granted Authorities=[ROLE_USER]], Credentials=[PROTECTED], Authenticated=true, Details=null, Granted Authorities=[ROLE_USER]]]
2026-03-30T14:38:13.755+02:00 DEBUG 2846766 --- [           main] o.s.security.web.FilterChainProxy        : Secured POST /ruleName/validate
]]></system-out>
  </testcase>
  <testcase name="shouldDeleteRuleName" classname="com.nnk.controllers.RuleNameControllerTest" time="0.015">
    <system-out><![CDATA[Hibernate: insert into users (fullname,password,role,username,id) values (?,?,?,?,?)
Hibernate: insert into rulename (description,json,name,sql_part,sql_str,template,id) values (?,?,?,?,?,?,default)
2026-03-30T14:38:13.767+02:00 DEBUG 2846766 --- [           main] w.c.HttpSessionSecurityContextRepository : Created HttpSession as SecurityContext is non-default
2026-03-30T14:38:13.767+02:00 DEBUG 2846766 --- [           main] w.c.HttpSessionSecurityContextRepository : Stored SecurityContextImpl [Authentication=UsernamePasswordAuthenticationToken [Principal=org.springframework.security.core.userdetails.User [Username=user, Password=[PROTECTED], Enabled=true, AccountNonExpired=true, CredentialsNonExpired=true, AccountNonLocked=true, Granted Authorities=[ROLE_USER]], Credentials=[PROTECTED], Authenticated=true, Details=null, Granted Authorities=[ROLE_USER]]] to HttpSession [org.springframework.mock.web.MockHttpSession@7a22dd94]
2026-03-30T14:38:13.767+02:00 DEBUG 2846766 --- [           main] w.c.HttpSessionSecurityContextRepository : Retrieved SecurityContextImpl [Authentication=UsernamePasswordAuthenticationToken [Principal=org.springframework.security.core.userdetails.User [Username=user, Password=[PROTECTED], Enabled=true, AccountNonExpired=true, CredentialsNonExpired=true, AccountNonLocked=true, Granted Authorities=[ROLE_USER]], Credentials=[PROTECTED], Authenticated=true, Details=null, Granted Authorities=[ROLE_USER]]]
2026-03-30T14:38:13.767+02:00 DEBUG 2846766 --- [           main] w.c.HttpSessionSecurityContextRepository : Stored SecurityContextImpl [Authentication=UsernamePasswordAuthenticationToken [Principal=org.springframework.security.core.userdetails.User [Username=user, Password=[PROTECTED], Enabled=true, AccountNonExpired=true, CredentialsNonExpired=true, AccountNonLocked=true, Granted Authorities=[ROLE_USER]], Credentials=[PROTECTED], Authenticated=true, Details=null, Granted Authorities=[ROLE_USER]]] to HttpSession [org.springframework.mock.web.MockHttpSession@7a22dd94]
2026-03-30T14:38:13.768+02:00 DEBUG 2846766 --- [           main] o.s.security.web.FilterChainProxy        : Securing GET /ruleName/delete/10
2026-03-30T14:38:13.768+02:00 DEBUG 2846766 --- [           main] w.c.HttpSessionSecurityContextRepository : Retrieved SecurityContextImpl [Authentication=UsernamePasswordAuthenticationToken [Principal=org.springframework.security.core.userdetails.User [Username=user, Password=[PROTECTED], Enabled=true, AccountNonExpired=true, CredentialsNonExpired=true, AccountNonLocked=true, Granted Authorities=[ROLE_USER]], Credentials=[PROTECTED], Authenticated=true, Details=null, Granted Authorities=[ROLE_USER]]]
2026-03-30T14:38:13.768+02:00 DEBUG 2846766 --- [           main] o.s.security.web.FilterChainProxy        : Secured GET /ruleName/delete/10
Hibernate: select count(*) from rulename rn1_0 where rn1_0.id=?
]]></system-out>
  </testcase>
  <testcase name="shouldRedirectToListIfExceptionThrown" classname="com.nnk.controllers.RuleNameControllerTest" time="0.012">
    <system-out><![CDATA[Hibernate: insert into users (fullname,password,role,username,id) values (?,?,?,?,?)
Hibernate: insert into rulename (description,json,name,sql_part,sql_str,template,id) values (?,?,?,?,?,?,default)
2026-03-30T14:38:13.784+02:00 DEBUG 2846766 --- [           main] w.c.HttpSessionSecurityContextRepository : Created HttpSession as SecurityContext is non-default
2026-03-30T14:38:13.784+02:00 DEBUG 2846766 --- [           main] w.c.HttpSessionSecurityContextRepository : Stored SecurityContextImpl [Authentication=UsernamePasswordAuthenticationToken [Principal=org.springframework.security.core.userdetails.User [Username=user, Password=[PROTECTED], Enabled=true, AccountNonExpired=true, CredentialsNonExpired=true, AccountNonLocked=true, Granted Authorities=[ROLE_USER]], Credentials=[PROTECTED], Authenticated=true, Details=null, Granted Authorities=[ROLE_USER]]] to HttpSession [org.springframework.mock.web.MockHttpSession@2bd3568c]
2026-03-30T14:38:13.784+02:00 DEBUG 2846766 --- [           main] w.c.HttpSessionSecurityContextRepository : Retrieved SecurityContextImpl [Authentication=UsernamePasswordAuthenticationToken [Principal=org.springframework.security.core.userdetails.User [Username=user, Password=[PROTECTED], Enabled=true, AccountNonExpired=true, CredentialsNonExpired=true, AccountNonLocked=true, Granted Authorities=[ROLE_USER]], Credentials=[PROTECTED], Authenticated=true, Details=null, Granted Authorities=[ROLE_USER]]]
2026-03-30T14:38:13.784+02:00 DEBUG 2846766 --- [           main] w.c.HttpSessionSecurityContextRepository : Stored SecurityContextImpl [Authentication=UsernamePasswordAuthenticationToken [Principal=org.springframework.security.core.userdetails.User [Username=user, Password=[PROTECTED], Enabled=true, AccountNonExpired=true, CredentialsNonExpired=true, AccountNonLocked=true, Granted Authorities=[ROLE_USER]], Credentials=[PROTECTED], Authenticated=true, Details=null, Granted Authorities=[ROLE_USER]]] to HttpSession [org.springframework.mock.web.MockHttpSession@2bd3568c]
2026-03-30T14:38:13.784+02:00 DEBUG 2846766 --- [           main] o.s.security.web.FilterChainProxy        : Securing GET /ruleName/update/999
2026-03-30T14:38:13.785+02:00 DEBUG 2846766 --- [           main] w.c.HttpSessionSecurityContextRepository : Retrieved SecurityContextImpl [Authentication=UsernamePasswordAuthenticationToken [Principal=org.springframework.security.core.userdetails.User [Username=user, Password=[PROTECTED], Enabled=true, AccountNonExpired=true, CredentialsNonExpired=true, AccountNonLocked=true, Granted Authorities=[ROLE_USER]], Credentials=[PROTECTED], Authenticated=true, Details=null, Granted Authorities=[ROLE_USER]]]
2026-03-30T14:38:13.785+02:00 DEBUG 2846766 --- [           main] o.s.security.web.FilterChainProxy        : Secured GET /ruleName/update/999
Hibernate: select rn1_0.id,rn1_0.description,rn1_0.json,rn1_0.name,rn1_0.sql_part,rn1_0.sql_str,rn1_0.template from rulename rn1_0 where rn1_0.id=?
]]></system-out>
  </testcase>
  <testcase name="shouldReturnAddRuleForm" classname="com.nnk.controllers.RuleNameControllerTest" time="0.024">
    <system-out><![CDATA[Hibernate: insert into users (fullname,password,role,username,id) values (?,?,?,?,?)
Hibernate: insert into rulename (description,json,name,sql_part,sql_str,template,id) values (?,?,?,?,?,?,default)
2026-03-30T14:38:13.797+02:00 DEBUG 2846766 --- [           main] w.c.HttpSessionSecurityContextRepository : Created HttpSession as SecurityContext is non-default
2026-03-30T14:38:13.797+02:00 DEBUG 2846766 --- [           main] w.c.HttpSessionSecurityContextRepository : Stored SecurityContextImpl [Authentication=UsernamePasswordAuthenticationToken [Principal=org.springframework.security.core.userdetails.User [Username=user, Password=[PROTECTED], Enabled=true, AccountNonExpired=true, CredentialsNonExpired=true, AccountNonLocked=true, Granted Authorities=[ROLE_USER]], Credentials=[PROTECTED], Authenticated=true, Details=null, Granted Authorities=[ROLE_USER]]] to HttpSession [org.springframework.mock.web.MockHttpSession@768711df]
2026-03-30T14:38:13.797+02:00 DEBUG 2846766 --- [           main] w.c.HttpSessionSecurityContextRepository : Retrieved SecurityContextImpl [Authentication=UsernamePasswordAuthenticationToken [Principal=org.springframework.security.core.userdetails.User [Username=user, Password=[PROTECTED], Enabled=true, AccountNonExpired=true, CredentialsNonExpired=true, AccountNonLocked=true, Granted Authorities=[ROLE_USER]], Credentials=[PROTECTED], Authenticated=true, Details=null, Granted Authorities=[ROLE_USER]]]
2026-03-30T14:38:13.797+02:00 DEBUG 2846766 --- [           main] w.c.HttpSessionSecurityContextRepository : Stored SecurityContextImpl [Authentication=UsernamePasswordAuthenticationToken [Principal=org.springframework.security.core.userdetails.User [Username=user, Password=[PROTECTED], Enabled=true, AccountNonExpired=true, CredentialsNonExpired=true, AccountNonLocked=true, Granted Authorities=[ROLE_USER]], Credentials=[PROTECTED], Authenticated=true, Details=null, Granted Authorities=[ROLE_USER]]] to HttpSession [org.springframework.mock.web.MockHttpSession@768711df]
2026-03-30T14:38:13.798+02:00 DEBUG 2846766 --- [           main] o.s.security.web.FilterChainProxy        : Securing GET /ruleName/add
2026-03-30T14:38:13.798+02:00 DEBUG 2846766 --- [           main] w.c.HttpSessionSecurityContextRepository : Retrieved SecurityContextImpl [Authentication=UsernamePasswordAuthenticationToken [Principal=org.springframework.security.core.userdetails.User [Username=user, Password=[PROTECTED], Enabled=true, AccountNonExpired=true, CredentialsNonExpired=true, AccountNonLocked=true, Granted Authorities=[ROLE_USER]], Credentials=[PROTECTED], Authenticated=true, Details=null, Granted Authorities=[ROLE_USER]]]
2026-03-30T14:38:13.798+02:00 DEBUG 2846766 --- [           main] o.s.security.web.FilterChainProxy        : Secured GET /ruleName/add
]]></system-out>
  </testcase>
</testsuite>