<?xml version="1.0" encoding="UTF-8"?>
<testsuite xmlns:xsi="http://www.w3.org/2001/XMLSchema-instance" xsi:noNamespaceSchemaLocation="https://maven.apache.org/surefire/maven-surefire-plugin/xsd/surefire-test-report.xsd" version="3.0.2" name="com.nnk.controllers.BidListControllerTest" time="0.177" tests="11" errors="0" skipped="0" failures="0">
  <properties>
[...]
</properties>
  <testcase name="shouldDeleteBidList" classname="com.nnk.controllers.BidListControllerTest" time="0.034">
    <system-out><![CDATA[2026-04-08T07:58:42.358+02:00  INFO 3938726 --- [           main] t.c.s.AnnotationConfigContextLoaderUtils : Could not detect default configuration classes for test class [com.nnk.controllers.BidListControllerTest]: BidListControllerTest does not declare any static, non-private, non-final, nested classes annotated with @Configuration.
2026-04-08T07:58:42.361+02:00  INFO 3938726 --- [           main] .b.t.c.SpringBootTestContextBootstrapper : Found @SpringBootConfiguration com.nnk.Application for test class com.nnk.controllers.BidListControllerTest
Hibernate: insert into users (fullname,password,role,username,id) values (?,?,?,?,default)
Hibernate: insert into bidlist (account,ask,ask_quantity,benchmark,bid,bid_list_date,bid_quantity,book,commentary,creation_date,creation_name,deal_name,deal_type,revision_date,revision_name,security,side,source_list_id,status,trader,type,bid_list_id) values (?,?,?,?,?,?,?,?,?,?,?,?,?,?,?,?,?,?,?,?,?,default)
Hibernate: select bl1_0.bid_list_id,bl1_0.account,bl1_0.ask,bl1_0.ask_quantity,bl1_0.benchmark,bl1_0.bid,bl1_0.bid_list_date,bl1_0.bid_quantity,bl1_0.book,bl1_0.commentary,bl1_0.creation_date,bl1_0.creation_name,bl1_0.deal_name,bl1_0.deal_type,bl1_0.revision_date,bl1_0.revision_name,bl1_0.security,bl1_0.side,bl1_0.source_list_id,bl1_0.status,bl1_0.trader,bl1_0.type from bidlist bl1_0
2026-04-08T07:58:42.381+02:00 DEBUG 3938726 --- [           main] w.c.HttpSessionSecurityContextRepository : Created HttpSession as SecurityContext is non-default
2026-04-08T07:58:42.381+02:00 DEBUG 3938726 --- [           main] w.c.HttpSessionSecurityContextRepository : Stored SecurityContextImpl [Authentication=UsernamePasswordAuthenticationToken [Principal=org.springframework.security.core.userdetails.User [Username=user, Password=[PROTECTED], Enabled=true, AccountNonExpired=true, CredentialsNonExpired=true, AccountNonLocked=true, Granted Authorities=[ROLE_USER]], Credentials=[PROTECTED], Authenticated=true, Details=null, Granted Authorities=[ROLE_USER]]] to HttpSession [org.springframework.mock.web.MockHttpSession@55f1b845]
2026-04-08T07:58:42.382+02:00 DEBUG 3938726 --- [           main] o.s.security.web.FilterChainProxy        : Securing GET /bidList/delete/1
2026-04-08T07:58:42.383+02:00 DEBUG 3938726 --- [           main] w.c.HttpSessionSecurityContextRepository : Retrieved SecurityContextImpl [Authentication=UsernamePasswordAuthenticationToken [Principal=org.springframework.security.core.userdetails.User [Username=user, Password=[PROTECTED], Enabled=true, AccountNonExpired=true, CredentialsNonExpired=true, AccountNonLocked=true, Granted Authorities=[ROLE_USER]], Credentials=[PROTECTED], Authenticated=true, Details=null, Granted Authorities=[ROLE_USER]]]
2026-04-08T07:58:42.383+02:00 DEBUG 3938726 --- [           main] o.s.security.web.FilterChainProxy        : Secured GET /bidList/delete/1
Hibernate: select count(*) from bidlist bl1_0 where bl1_0.bid_list_id=?
]]></system-out>
  </testcase>
  <testcase name="shouldRedirectWithErrorIfBindingFails" classname="com.nnk.controllers.BidListControllerTest" time="0.028">
    <system-out><![CDATA[Hibernate: insert into users (fullname,password,role,username,id) values (?,?,?,?,default)
Hibernate: insert into bidlist (account,ask,ask_quantity,benchmark,bid,bid_list_date,bid_quantity,book,commentary,creation_date,creation_name,deal_name,deal_type,revision_date,revision_name,security,side,source_list_id,status,trader,type,bid_list_id) values (?,?,?,?,?,?,?,?,?,?,?,?,?,?,?,?,?,?,?,?,?,default)
Hibernate: select bl1_0.bid_list_id,bl1_0.account,bl1_0.ask,bl1_0.ask_quantity,bl1_0.benchmark,bl1_0.bid,bl1_0.bid_list_date,bl1_0.bid_quantity,bl1_0.book,bl1_0.commentary,bl1_0.creation_date,bl1_0.creation_name,bl1_0.deal_name,bl1_0.deal_type,bl1_0.revision_date,bl1_0.revision_name,bl1_0.security,bl1_0.side,bl1_0.source_list_id,bl1_0.status,bl1_0.trader,bl1_0.type from bidlist bl1_0
2026-04-08T07:58:42.407+02:00 DEBUG 3938726 --- [           main] w.c.HttpSessionSecurityContextRepository : Created HttpSession as SecurityContext is non-default
2026-04-08T07:58:42.407+02:00 DEBUG 3938726 --- [           main] w.c.HttpSessionSecurityContextRepository : Stored SecurityContextImpl [Authentication=UsernamePasswordAuthenticationToken [Principal=org.springframework.security.core.userdetails.User [Username=user, Password=[PROTECTED], Enabled=true, AccountNonExpired=true, CredentialsNonExpired=true, AccountNonLocked=true, Granted Authorities=[ROLE_USER]], Credentials=[PROTECTED], Authenticated=true, Details=null, Granted Authorities=[ROLE_USER]]] to HttpSession [org.springframework.mock.web.MockHttpSession@3ef39b53]
2026-04-08T07:58:42.407+02:00 DEBUG 3938726 --- [           main] o.s.security.web.FilterChainProxy        : Securing POST /bidList/update/2
2026-04-08T07:58:42.408+02:00 DEBUG 3938726 --- [           main] w.c.HttpSessionSecurityContextRepository : Retrieved SecurityContextImpl [Authentication=UsernamePasswordAuthenticationToken [Principal=org.springframework.security.core.userdetails.User [Username=user, Password=[PROTECTED], Enabled=true, AccountNonExpired=true, CredentialsNonExpired=true, AccountNonLocked=true, Granted Authorities=[ROLE_USER]], Credentials=[PROTECTED], Authenticated=true, Details=null, Granted Authorities=[ROLE_USER]]]
2026-04-08T07:58:42.408+02:00 DEBUG 3938726 --- [           main] o.s.security.web.FilterChainProxy        : Secured POST /bidList/update/2
]]></system-out>
  </testcase>
  <testcase name="shouldValidateBidList" classname="com.nnk.controllers.BidListControllerTest" time="0.009">
    <system-out><![CDATA[Hibernate: insert into users (fullname,password,role,username,id) values (?,?,?,?,default)
Hibernate: insert into bidlist (account,ask,ask_quantity,benchmark,bid,bid_list_date,bid_quantity,book,commentary,creation_date,creation_name,deal_name,deal_type,revision_date,revision_name,security,side,source_list_id,status,trader,type,bid_list_id) values (?,?,?,?,?,?,?,?,?,?,?,?,?,?,?,?,?,?,?,?,?,default)
2026-04-08T07:58:42.432+02:00 DEBUG 3938726 --- [           main] w.c.HttpSessionSecurityContextRepository : Created HttpSession as SecurityContext is non-default
2026-04-08T07:58:42.432+02:00 DEBUG 3938726 --- [           main] w.c.HttpSessionSecurityContextRepository : Stored SecurityContextImpl [Authentication=UsernamePasswordAuthenticationToken [Principal=org.springframework.security.core.userdetails.User [Username=user, Password=[PROTECTED], Enabled=true, AccountNonExpired=true, CredentialsNonExpired=true, AccountNonLocked=true, Granted Authorities=[ROLE_USER]], Credentials=[PROTECTED], Authenticated=true, Details=null, Granted Authorities=[ROLE_USER]]] to HttpSession [org.springframework.mock.web.MockHttpSession@78b0ae31]
2026-04-08T07:58:42.432+02:00 DEBUG 3938726 --- [           main] o.s.security.web.FilterChainProxy        : Securing POST /bidList/validate
2026-04-08T07:58:42.433+02:00 DEBUG 3938726 --- [           main] w.c.HttpSessionSecurityContextRepository : Retrieved SecurityContextImpl [Authentication=UsernamePasswordAuthenticationToken [Principal=org.springframework.security.core.userdetails.User [Username=user, Password=[PROTECTED], Enabled=true, AccountNonExpired=true, CredentialsNonExpired=true, AccountNonLocked=true, Granted Authorities=[ROLE_USER]], Credentials=[PROTECTED], Authenticated=true, Details=null, Granted Authorities=[ROLE_USER]]]
2026-04-08T07:58:42.433+02:00 DEBUG 3938726 --- [           main] o.s.security.web.FilterChainProxy        : Secured POST /bidList/validate
Hibernate: insert into bidlist (account,ask,ask_quantity,benchmark,bid,bid_list_date,bid_quantity,book,commentary,creation_date,creation_name,deal_name,deal_type,revision_date,revision_name,security,side,source_list_id,status,trader,type,bid_list_id) values (?,?,?,?,?,?,?,?,?,?,?,?,?,?,?,?,?,?,?,?,?,default)
]]></system-out>
  </testcase>
  <testcase name="shouldDisplayErrorIfExceptionWhenDeleting" classname="com.nnk.controllers.BidListControllerTest" time="0.009">
    <system-out><![CDATA[Hibernate: insert into users (fullname,password,role,username,id) values (?,?,?,?,default)
Hibernate: insert into bidlist (account,ask,ask_quantity,benchmark,bid,bid_list_date,bid_quantity,book,commentary,creation_date,creation_name,deal_name,deal_type,revision_date,revision_name,security,side,source_list_id,status,trader,type,bid_list_id) values (?,?,?,?,?,?,?,?,?,?,?,?,?,?,?,?,?,?,?,?,?,default)
2026-04-08T07:58:42.442+02:00 DEBUG 3938726 --- [           main] w.c.HttpSessionSecurityContextRepository : Created HttpSession as SecurityContext is non-default
2026-04-08T07:58:42.442+02:00 DEBUG 3938726 --- [           main] w.c.HttpSessionSecurityContextRepository : Stored SecurityContextImpl [Authentication=UsernamePasswordAuthenticationToken [Principal=org.springframework.security.core.userdetails.User [Username=user, Password=[PROTECTED], Enabled=true, AccountNonExpired=true, CredentialsNonExpired=true, AccountNonLocked=true, Granted Authorities=[ROLE_USER]], Credentials=[PROTECTED], Authenticated=true, Details=null, Granted Authorities=[ROLE_USER]]] to HttpSession [org.springframework.mock.web.MockHttpSession@195f5b35]
2026-04-08T07:58:42.442+02:00 DEBUG 3938726 --- [           main] o.s.security.web.FilterChainProxy        : Securing GET /bidList/delete/999
2026-04-08T07:58:42.442+02:00 DEBUG 3938726 --- [           main] w.c.HttpSessionSecurityContextRepository : Retrieved SecurityContextImpl [Authentication=UsernamePasswordAuthenticationToken [Principal=org.springframework.security.core.userdetails.User [Username=user, Password=[PROTECTED], Enabled=true, AccountNonExpired=true, CredentialsNonExpired=true, AccountNonLocked=true, Granted Authorities=[ROLE_USER]], Credentials=[PROTECTED], Authenticated=true, Details=null, Granted Authorities=[ROLE_USER]]]
2026-04-08T07:58:42.442+02:00 DEBUG 3938726 --- [           main] o.s.security.web.FilterChainProxy        : Secured GET /bidList/delete/999
Hibernate: select count(*) from bidlist bl1_0 where bl1_0.bid_list_id=?
2026-04-08T07:58:42.444+02:00  WARN 3938726 --- [           main] com.nnk.controllers.BidListController    : Echec suppression bidList id=999 - Id not found
]]></system-out>
  </testcase>
  <testcase name="shouldReturnBidListList" classname="com.nnk.controllers.BidListControllerTest" time="0.014">
    <system-out><![CDATA[Hibernate: insert into users (fullname,password,role,username,id) values (?,?,?,?,default)
Hibernate: insert into bidlist (account,ask,ask_quantity,benchmark,bid,bid_list_date,bid_quantity,book,commentary,creation_date,creation_name,deal_name,deal_type,revision_date,revision_name,security,side,source_list_id,status,trader,type,bid_list_id) values (?,?,?,?,?,?,?,?,?,?,?,?,?,?,?,?,?,?,?,?,?,default)
2026-04-08T07:58:42.451+02:00 DEBUG 3938726 --- [           main] w.c.HttpSessionSecurityContextRepository : Created HttpSession as SecurityContext is non-default
2026-04-08T07:58:42.451+02:00 DEBUG 3938726 --- [           main] w.c.HttpSessionSecurityContextRepository : Stored SecurityContextImpl [Authentication=UsernamePasswordAuthenticationToken [Principal=org.springframework.security.core.userdetails.User [Username=user, Password=[PROTECTED], Enabled=true, AccountNonExpired=true, CredentialsNonExpired=true, AccountNonLocked=true, Granted Authorities=[ROLE_USER]], Credentials=[PROTECTED], Authenticated=true, Details=null, Granted Authorities=[ROLE_USER]]] to HttpSession [org.springframework.mock.web.MockHttpSession@287b3ecb]
2026-04-08T07:58:42.452+02:00 DEBUG 3938726 --- [           main] o.s.security.web.FilterChainProxy        : Securing GET /bidList/list
2026-04-08T07:58:42.452+02:00 DEBUG 3938726 --- [           main] w.c.HttpSessionSecurityContextRepository : Retrieved SecurityContextImpl [Authentication=UsernamePasswordAuthenticationToken [Principal=org.springframework.security.core.userdetails.User [Username=user, Password=[PROTECTED], Enabled=true, AccountNonExpired=true, CredentialsNonExpired=true, AccountNonLocked=true, Granted Authorities=[ROLE_USER]], Credentials=[PROTECTED], Authenticated=true, Details=null, Granted Authorities=[ROLE_USER]]]
2026-04-08T07:58:42.452+02:00 DEBUG 3938726 --- [           main] o.s.security.web.FilterChainProxy        : Secured GET /bidList/list
Hibernate: select bl1_0.bid_list_id,bl1_0.account,bl1_0.ask,bl1_0.ask_quantity,bl1_0.benchmark,bl1_0.bid,bl1_0.bid_list_date,bl1_0.bid_quantity,bl1_0.book,bl1_0.commentary,bl1_0.creation_date,bl1_0.creation_name,bl1_0.deal_name,bl1_0.deal_type,bl1_0.revision_date,bl1_0.revision_name,bl1_0.security,bl1_0.side,bl1_0.source_list_id,bl1_0.status,bl1_0.trader,bl1_0.type from bidlist bl1_0
]]></system-out>
  </testcase>
  <testcase name="shouldReturnAddBidListForm" classname="com.nnk.controllers.BidListControllerTest" time="0.012">
    <system-out><![CDATA[Hibernate: insert into users (fullname,password,role,username,id) values (?,?,?,?,default)
Hibernate: insert into bidlist (account,ask,ask_quantity,benchmark,bid,bid_list_date,bid_quantity,book,commentary,creation_date,creation_name,deal_name,deal_type,revision_date,revision_name,security,side,source_list_id,status,trader,type,bid_list_id) values (?,?,?,?,?,?,?,?,?,?,?,?,?,?,?,?,?,?,?,?,?,default)
2026-04-08T07:58:42.467+02:00 DEBUG 3938726 --- [           main] w.c.HttpSessionSecurityContextRepository : Created HttpSession as SecurityContext is non-default
2026-04-08T07:58:42.467+02:00 DEBUG 3938726 --- [           main] w.c.HttpSessionSecurityContextRepository : Stored SecurityContextImpl [Authentication=UsernamePasswordAuthenticationToken [Principal=org.springframework.security.core.userdetails.User [Username=user, Password=[PROTECTED], Enabled=true, AccountNonExpired=true, CredentialsNonExpired=true, AccountNonLocked=true, Granted Authorities=[ROLE_USER]], Credentials=[PROTECTED], Authenticated=true, Details=null, Granted Authorities=[ROLE_USER]]] to HttpSession [org.springframework.mock.web.MockHttpSession@21e05b35]
2026-04-08T07:58:42.467+02:00 DEBUG 3938726 --- [           main] o.s.security.web.FilterChainProxy        : Securing GET /bidList/add
2026-04-08T07:58:42.467+02:00 DEBUG 3938726 --- [           main] w.c.HttpSessionSecurityContextRepository : Retrieved SecurityContextImpl [Authentication=UsernamePasswordAuthenticationToken [Principal=org.springframework.security.core.userdetails.User [Username=user, Password=[PROTECTED], Enabled=true, AccountNonExpired=true, CredentialsNonExpired=true, AccountNonLocked=true, Granted Authorities=[ROLE_USER]], Credentials=[PROTECTED], Authenticated=true, Details=null, Granted Authorities=[ROLE_USER]]]
2026-04-08T07:58:42.467+02:00 DEBUG 3938726 --- [           main] o.s.security.web.FilterChainProxy        : Secured GET /bidList/add
]]></system-out>
  </testcase>
  <testcase name="shouldUpdateBidList" classname="com.nnk.controllers.BidListControllerTest" time="0.01">
    <system-out><![CDATA[Hibernate: insert into users (fullname,password,role,username,id) values (?,?,?,?,default)
Hibernate: insert into bidlist (account,ask,ask_quantity,benchmark,bid,bid_list_date,bid_quantity,book,commentary,creation_date,creation_name,deal_name,deal_type,revision_date,revision_name,security,side,source_list_id,status,trader,type,bid_list_id) values (?,?,?,?,?,?,?,?,?,?,?,?,?,?,?,?,?,?,?,?,?,default)
Hibernate: select bl1_0.bid_list_id,bl1_0.account,bl1_0.ask,bl1_0.ask_quantity,bl1_0.benchmark,bl1_0.bid,bl1_0.bid_list_date,bl1_0.bid_quantity,bl1_0.book,bl1_0.commentary,bl1_0.creation_date,bl1_0.creation_name,bl1_0.deal_name,bl1_0.deal_type,bl1_0.revision_date,bl1_0.revision_name,bl1_0.security,bl1_0.side,bl1_0.source_list_id,bl1_0.status,bl1_0.trader,bl1_0.type from bidlist bl1_0
2026-04-08T07:58:42.480+02:00 DEBUG 3938726 --- [           main] w.c.HttpSessionSecurityContextRepository : Created HttpSession as SecurityContext is non-default
2026-04-08T07:58:42.480+02:00 DEBUG 3938726 --- [           main] w.c.HttpSessionSecurityContextRepository : Stored SecurityContextImpl [Authentication=UsernamePasswordAuthenticationToken [Principal=org.springframework.security.core.userdetails.User [Username=user, Password=[PROTECTED], Enabled=true, AccountNonExpired=true, CredentialsNonExpired=true, AccountNonLocked=true, Granted Authorities=[ROLE_USER]], Credentials=[PROTECTED], Authenticated=true, Details=null, Granted Authorities=[ROLE_USER]]] to HttpSession [org.springframework.mock.web.MockHttpSession@54b3d65b]
2026-04-08T07:58:42.480+02:00 DEBUG 3938726 --- [           main] o.s.security.web.FilterChainProxy        : Securing POST /bidList/update/8
2026-04-08T07:58:42.480+02:00 DEBUG 3938726 --- [           main] w.c.HttpSessionSecurityContextRepository : Retrieved SecurityContextImpl [Authentication=UsernamePasswordAuthenticationToken [Principal=org.springframework.security.core.userdetails.User [Username=user, Password=[PROTECTED], Enabled=true, AccountNonExpired=true, CredentialsNonExpired=true, AccountNonLocked=true, Granted Authorities=[ROLE_USER]], Credentials=[PROTECTED], Authenticated=true, Details=null, Granted Authorities=[ROLE_USER]]]
2026-04-08T07:58:42.480+02:00 DEBUG 3938726 --- [           main] o.s.security.web.FilterChainProxy        : Secured POST /bidList/update/8
]]></system-out>
  </testcase>
  <testcase name="shouldReturnUpdateForm" classname="com.nnk.controllers.BidListControllerTest" time="0.011">
    <system-out><![CDATA[Hibernate: insert into users (fullname,password,role,username,id) values (?,?,?,?,default)
Hibernate: insert into bidlist (account,ask,ask_quantity,benchmark,bid,bid_list_date,bid_quantity,book,commentary,creation_date,creation_name,deal_name,deal_type,revision_date,revision_name,security,side,source_list_id,status,trader,type,bid_list_id) values (?,?,?,?,?,?,?,?,?,?,?,?,?,?,?,?,?,?,?,?,?,default)
Hibernate: select bl1_0.bid_list_id,bl1_0.account,bl1_0.ask,bl1_0.ask_quantity,bl1_0.benchmark,bl1_0.bid,bl1_0.bid_list_date,bl1_0.bid_quantity,bl1_0.book,bl1_0.commentary,bl1_0.creation_date,bl1_0.creation_name,bl1_0.deal_name,bl1_0.deal_type,bl1_0.revision_date,bl1_0.revision_name,bl1_0.security,bl1_0.side,bl1_0.source_list_id,bl1_0.status,bl1_0.trader,bl1_0.type from bidlist bl1_0
2026-04-08T07:58:42.491+02:00 DEBUG 3938726 --- [           main] w.c.HttpSessionSecurityContextRepository : Created HttpSession as SecurityContext is non-default
2026-04-08T07:58:42.491+02:00 DEBUG 3938726 --- [           main] w.c.HttpSessionSecurityContextRepository : Stored SecurityContextImpl [Authentication=UsernamePasswordAuthenticationToken [Principal=org.springframework.security.core.userdetails.User [Username=user, Password=[PROTECTED], Enabled=true, AccountNonExpired=true, CredentialsNonExpired=true, AccountNonLocked=true, Granted Authorities=[ROLE_USER]], Credentials=[PROTECTED], Authenticated=true, Details=null, Granted Authorities=[ROLE_USER]]] to HttpSession [org.springframework.mock.web.MockHttpSession@3efbe0d6]
2026-04-08T07:58:42.491+02:00 DEBUG 3938726 --- [           main] o.s.security.web.FilterChainProxy        : Securing GET /bidList/update/9
2026-04-08T07:58:42.491+02:00 DEBUG 3938726 --- [           main] w.c.HttpSessionSecurityContextRepository : Retrieved SecurityContextImpl [Authentication=UsernamePasswordAuthenticationToken [Principal=org.springframework.security.core.userdetails.User [Username=user, Password=[PROTECTED], Enabled=true, AccountNonExpired=true, CredentialsNonExpired=true, AccountNonLocked=true, Granted Authorities=[ROLE_USER]], Credentials=[PROTECTED], Authenticated=true, Details=null, Granted Authorities=[ROLE_USER]]]
2026-04-08T07:58:42.491+02:00 DEBUG 3938726 --- [           main] o.s.security.web.FilterChainProxy        : Secured GET /bidList/update/9
]]></system-out>
  </testcase>
  <testcase name="shouldReturnFormWithErrorIfExceptionThrown" classname="com.nnk.controllers.BidListControllerTest" time="0.012">
    <system-out><![CDATA[Hibernate: insert into users (fullname,password,role,username,id) values (?,?,?,?,default)
Hibernate: insert into bidlist (account,ask,ask_quantity,benchmark,bid,bid_list_date,bid_quantity,book,commentary,creation_date,creation_name,deal_name,deal_type,revision_date,revision_name,security,side,source_list_id,status,trader,type,bid_list_id) values (?,?,?,?,?,?,?,?,?,?,?,?,?,?,?,?,?,?,?,?,?,default)
2026-04-08T07:58:42.501+02:00 DEBUG 3938726 --- [           main] w.c.HttpSessionSecurityContextRepository : Created HttpSession as SecurityContext is non-default
2026-04-08T07:58:42.501+02:00 DEBUG 3938726 --- [           main] w.c.HttpSessionSecurityContextRepository : Stored SecurityContextImpl [Authentication=UsernamePasswordAuthenticationToken [Principal=org.springframework.security.core.userdetails.User [Username=user, Password=[PROTECTED], Enabled=true, AccountNonExpired=true, CredentialsNonExpired=true, AccountNonLocked=true, Granted Authorities=[ROLE_USER]], Credentials=[PROTECTED], Authenticated=true, Details=null, Granted Authorities=[ROLE_USER]]] to HttpSession [org.springframework.mock.web.MockHttpSession@d632d15]
2026-04-08T07:58:42.501+02:00 DEBUG 3938726 --- [           main] o.s.security.web.FilterChainProxy        : Securing POST /bidList/update/999
2026-04-08T07:58:42.501+02:00 DEBUG 3938726 --- [           main] w.c.HttpSessionSecurityContextRepository : Retrieved SecurityContextImpl [Authentication=UsernamePasswordAuthenticationToken [Principal=org.springframework.security.core.userdetails.User [Username=user, Password=[PROTECTED], Enabled=true, AccountNonExpired=true, CredentialsNonExpired=true, AccountNonLocked=true, Granted Authorities=[ROLE_USER]], Credentials=[PROTECTED], Authenticated=true, Details=null, Granted Authorities=[ROLE_USER]]]
2026-04-08T07:58:42.502+02:00 DEBUG 3938726 --- [           main] o.s.security.web.FilterChainProxy        : Secured POST /bidList/update/999
Hibernate: select bl1_0.bid_list_id,bl1_0.account,bl1_0.ask,bl1_0.ask_quantity,bl1_0.benchmark,bl1_0.bid,bl1_0.bid_list_date,bl1_0.bid_quantity,bl1_0.book,bl1_0.commentary,bl1_0.creation_date,bl1_0.creation_name,bl1_0.deal_name,bl1_0.deal_type,bl1_0.revision_date,bl1_0.revision_name,bl1_0.security,bl1_0.side,bl1_0.source_list_id,bl1_0.status,bl1_0.trader,bl1_0.type from bidlist bl1_0 where bl1_0.bid_list_id=?
2026-04-08T07:58:42.504+02:00 ERROR 3938726 --- [           main] com.nnk.controllers.BidListController    : Echec mise a jour bidList id=999

com.nnk.exceptions.EntityNotFoundException: Id not found
	at com.nnk.services.AbstractCrudService.lambda$update$1(AbstractCrudService.java:96) ~[classes/:na]
	at java.base/java.util.Optional.orElseThrow(Optional.java:403) ~[na:na]
	at com.nnk.services.AbstractCrudService.update(AbstractCrudService.java:96) ~[classes/:na]
	at com.nnk.services.AbstractCrudService.update(AbstractCrudService.java:16) ~[classes/:na]
	at com.nnk.controllers.BidListController.updateBid(BidListController.java:121) ~[classes/:na]
	at java.base/jdk.internal.reflect.DirectMethodHandleAccessor.invoke(DirectMethodHandleAccessor.java:103) ~[na:na]
	at java.base/java.lang.reflect.Method.invoke(Method.java:580) ~[na:na]
	at org.springframework.web.method.support.InvocableHandlerMethod.doInvoke(InvocableHandlerMethod.java:252) ~[spring-web-7.0.5.jar:7.0.5]
	at org.springframework.web.method.support.InvocableHandlerMethod.invokeForRequest(InvocableHandlerMethod.java:184) ~[spring-web-7.0.5.jar:7.0.5]
	at org.springframework.web.servlet.mvc.method.annotation.ServletInvocableHandlerMethod.invokeAndHandle(ServletInvocableHandlerMethod.java:117) ~[spring-webmvc-7.0.5.jar:7.0.5]
	at org.springframework.web.servlet.mvc.method.annotation.RequestMappingHandlerAdapter.invokeHandlerMethod(RequestMappingHandlerAdapter.java:934) ~[spring-webmvc-7.0.5.jar:7.0.5]
	at org.springframework.web.servlet.mvc.method.annotation.RequestMappingHandlerAdapter.handleInternal(RequestMappingHandlerAdapter.java:853) ~[spring-webmvc-7.0.5.jar:7.0.5]
	at org.springframework.web.servlet.mvc.method.AbstractHandlerMethodAdapter.handle(AbstractHandlerMethodAdapter.java:86) ~[spring-webmvc-7.0.5.jar:7.0.5]
	at org.springframework.web.servlet.DispatcherServlet.doDispatch(DispatcherServlet.java:963) ~[spring-webmvc-7.0.5.jar:7.0.5]
	at org.springframework.web.servlet.DispatcherServlet.doService(DispatcherServlet.java:866) ~[spring-webmvc-7.0.5.jar:7.0.5]
	at org.springframework.web.servlet.FrameworkServlet.processRequest(FrameworkServlet.java:1000) ~[spring-webmvc-7.0.5.jar:7.0.5]
	at org.springframework.web.servlet.FrameworkServlet.doPost(FrameworkServlet.java:903) ~[spring-webmvc-7.0.5.jar:7.0.5]
	at jakarta.servlet.http.HttpServlet.service(HttpServlet.java:653) ~[jakarta.servlet-api-6.1.0.jar:6.1.0]
	at org.springframework.web.servlet.FrameworkServlet.service(FrameworkServlet.java:874) ~[spring-webmvc-7.0.5.jar:7.0.5]
	at org.springframework.test.web.servlet.TestDispatcherServlet.service(TestDispatcherServlet.java:72) ~[spring-test-7.0.5.jar:7.0.5]
	at jakarta.servlet.http.HttpServlet.service(HttpServlet.java:723) ~[jakarta.servlet-api-6.1.0.jar:6.1.0]
	at org.springframework.mock.web.MockFilterChain$ServletFilterProxy.doFilter(MockFilterChain.java:160) ~[spring-test-7.0.5.jar:7.0.5]
	at org.springframework.mock.web.MockFilterChain.doFilter(MockFilterChain.java:127) ~[spring-test-7.0.5.jar:7.0.5]
	at org.springframework.web.filter.CompositeFilter$VirtualFilterChain.doFilter(CompositeFilter.java:108) ~[spring-web-7.0.5.jar:7.0.5]
	at org.springframework.security.web.FilterChainProxy.lambda$doFilterInternal$3(FilterChainProxy.java:235) ~[spring-security-web-7.0.3.jar:7.0.3]
	at org.springframework.security.web.FilterChainProxy$VirtualFilterChain.doFilter(FilterChainProxy.java:371) ~[spring-security-web-7.0.3.jar:7.0.3]
	at org.springframework.security.web.access.intercept.AuthorizationFilter.doFilter(AuthorizationFilter.java:101) ~[spring-security-web-7.0.3.jar:7.0.3]
	at org.springframework.security.web.FilterChainProxy$VirtualFilterChain.doFilter(FilterChainProxy.java:380) ~[spring-security-web-7.0.3.jar:7.0.3]
	at org.springframework.security.web.access.ExceptionTranslationFilter.doFilter(ExceptionTranslationFilter.java:126) ~[spring-security-web-7.0.3.jar:7.0.3]
	at org.springframework.security.web.access.ExceptionTranslationFilter.doFilter(ExceptionTranslationFilter.java:120) ~[spring-security-web-7.0.3.jar:7.0.3]
	at org.springframework.security.web.FilterChainProxy$VirtualFilterChain.doFilter(FilterChainProxy.java:380) ~[spring-security-web-7.0.3.jar:7.0.3]
	at org.springframework.security.web.authentication.AnonymousAuthenticationFilter.doFilter(AnonymousAuthenticationFilter.java:100) ~[spring-security-web-7.0.3.jar:7.0.3]
	at org.springframework.security.web.FilterChainProxy$VirtualFilterChain.doFilter(FilterChainProxy.java:380) ~[spring-security-web-7.0.3.jar:7.0.3]
	at org.springframework.security.web.servletapi.SecurityContextHolderAwareRequestFilter.doFilter(SecurityContextHolderAwareRequestFilter.java:181) ~[spring-security-web-7.0.3.jar:7.0.3]
	at org.springframework.security.web.FilterChainProxy$VirtualFilterChain.doFilter(FilterChainProxy.java:380) ~[spring-security-web-7.0.3.jar:7.0.3]
	at org.springframework.security.web.savedrequest.RequestCacheAwareFilter.doFilter(RequestCacheAwareFilter.java:63) ~[spring-security-web-7.0.3.jar:7.0.3]
	at org.springframework.security.web.FilterChainProxy$VirtualFilterChain.doFilter(FilterChainProxy.java:380) ~[spring-security-web-7.0.3.jar:7.0.3]
	at org.springframework.security.web.authentication.AbstractAuthenticationProcessingFilter.doFilter(AbstractAuthenticationProcessingFilter.java:245) ~[spring-security-web-7.0.3.jar:7.0.3]
	at org.springframework.security.web.authentication.AbstractAuthenticationProcessingFilter.doFilter(AbstractAuthenticationProcessingFilter.java:239) ~[spring-security-web-7.0.3.jar:7.0.3]
	at org.springframework.security.web.FilterChainProxy$VirtualFilterChain.doFilter(FilterChainProxy.java:380) ~[spring-security-web-7.0.3.jar:7.0.3]
	at org.springframework.security.web.authentication.logout.LogoutFilter.doFilter(LogoutFilter.java:110) ~[spring-security-web-7.0.3.jar:7.0.3]
	at org.springframework.security.web.authentication.logout.LogoutFilter.doFilter(LogoutFilter.java:96) ~[spring-security-web-7.0.3.jar:7.0.3]
	at org.springframework.security.web.FilterChainProxy$VirtualFilterChain.doFilter(FilterChainProxy.java:380) ~[spring-security-web-7.0.3.jar:7.0.3]
	at org.springframework.security.web.header.HeaderWriterFilter.doHeadersAfter(HeaderWriterFilter.java:90) ~[spring-security-web-7.0.3.jar:7.0.3]
	at org.springframework.security.web.header.HeaderWriterFilter.doFilterInternal(HeaderWriterFilter.java:75) ~[spring-security-web-7.0.3.jar:7.0.3]
	at org.springframework.web.filter.OncePerRequestFilter.doFilter(OncePerRequestFilter.java:116) ~[spring-web-7.0.5.jar:7.0.5]
	at org.springframework.security.web.FilterChainProxy$VirtualFilterChain.doFilter(FilterChainProxy.java:380) ~[spring-security-web-7.0.3.jar:7.0.3]
	at org.springframework.security.web.context.SecurityContextHolderFilter.doFilter(SecurityContextHolderFilter.java:82) ~[spring-security-web-7.0.3.jar:7.0.3]
	at org.springframework.security.web.context.SecurityContextHolderFilter.doFilter(SecurityContextHolderFilter.java:69) ~[spring-security-web-7.0.3.jar:7.0.3]
	at org.springframework.security.web.FilterChainProxy$VirtualFilterChain.doFilter(FilterChainProxy.java:380) ~[spring-security-web-7.0.3.jar:7.0.3]
	at org.springframework.security.web.context.request.async.WebAsyncManagerIntegrationFilter.doFilterInternal(WebAsyncManagerIntegrationFilter.java:62) ~[spring-security-web-7.0.3.jar:7.0.3]
	at org.springframework.web.filter.OncePerRequestFilter.doFilter(OncePerRequestFilter.java:116) ~[spring-web-7.0.5.jar:7.0.5]
	at org.springframework.security.web.FilterChainProxy$VirtualFilterChain.doFilter(FilterChainProxy.java:380) ~[spring-security-web-7.0.3.jar:7.0.3]
	at org.springframework.security.web.session.DisableEncodeUrlFilter.doFilterInternal(DisableEncodeUrlFilter.java:42) ~[spring-security-web-7.0.3.jar:7.0.3]
	at org.springframework.web.filter.OncePerRequestFilter.doFilter(OncePerRequestFilter.java:116) ~[spring-web-7.0.5.jar:7.0.5]
	at org.springframework.security.web.FilterChainProxy$VirtualFilterChain.doFilter(FilterChainProxy.java:380) ~[spring-security-web-7.0.3.jar:7.0.3]
	at org.springframework.security.web.FilterChainProxy.doFilterInternal(FilterChainProxy.java:237) ~[spring-security-web-7.0.3.jar:7.0.3]
	at org.springframework.security.web.FilterChainProxy.doFilter(FilterChainProxy.java:195) ~[spring-security-web-7.0.3.jar:7.0.3]
	at org.springframework.web.filter.CompositeFilter$VirtualFilterChain.doFilter(CompositeFilter.java:113) ~[spring-web-7.0.5.jar:7.0.5]
	at org.springframework.web.filter.ServletRequestPathFilter.doFilter(ServletRequestPathFilter.java:52) ~[spring-web-7.0.5.jar:7.0.5]
	at org.springframework.web.filter.CompositeFilter$VirtualFilterChain.doFilter(CompositeFilter.java:113) ~[spring-web-7.0.5.jar:7.0.5]
	at org.springframework.web.filter.CompositeFilter.doFilter(CompositeFilter.java:74) ~[spring-web-7.0.5.jar:7.0.5]
	at org.springframework.security.config.annotation.web.configuration.WebSecurityConfiguration$CompositeFilterChainProxy.doFilter(WebSecurityConfiguration.java:317) ~[spring-security-config-7.0.3.jar:7.0.3]
	at org.springframework.web.filter.DelegatingFilterProxy.invokeDelegate(DelegatingFilterProxy.java:355) ~[spring-web-7.0.5.jar:7.0.5]
	at org.springframework.web.filter.DelegatingFilterProxy.doFilter(DelegatingFilterProxy.java:272) ~[spring-web-7.0.5.jar:7.0.5]
	at org.springframework.test.web.servlet.setup.MockMvcFilterDecorator.doFilter(MockMvcFilterDecorator.java:160) ~[spring-test-7.0.5.jar:7.0.5]
	at org.springframework.mock.web.MockFilterChain.doFilter(MockFilterChain.java:127) ~[spring-test-7.0.5.jar:7.0.5]
	at org.springframework.web.filter.RequestContextFilter.doFilterInternal(RequestContextFilter.java:100) ~[spring-web-7.0.5.jar:7.0.5]
	at org.springframework.web.filter.OncePerRequestFilter.doFilter(OncePerRequestFilter.java:116) ~[spring-web-7.0.5.jar:7.0.5]
	at org.springframework.test.web.servlet.setup.MockMvcFilterDecorator.doFilter(MockMvcFilterDecorator.java:160) ~[spring-test-7.0.5.jar:7.0.5]
	at org.springframework.mock.web.MockFilterChain.doFilter(MockFilterChain.java:127) ~[spring-test-7.0.5.jar:7.0.5]
	at org.springframework.web.filter.FormContentFilter.doFilterInternal(FormContentFilter.java:93) ~[spring-web-7.0.5.jar:7.0.5]
	at org.springframework.web.filter.OncePerRequestFilter.doFilter(OncePerRequestFilter.java:116) ~[spring-web-7.0.5.jar:7.0.5]
	at org.springframework.test.web.servlet.setup.MockMvcFilterDecorator.doFilter(MockMvcFilterDecorator.java:160) ~[spring-test-7.0.5.jar:7.0.5]
	at org.springframework.mock.web.MockFilterChain.doFilter(MockFilterChain.java:127) ~[spring-test-7.0.5.jar:7.0.5]
	at org.springframework.web.filter.CharacterEncodingFilter.doFilterInternal(CharacterEncodingFilter.java:199) ~[spring-web-7.0.5.jar:7.0.5]
	at org.springframework.web.filter.OncePerRequestFilter.doFilter(OncePerRequestFilter.java:116) ~[spring-web-7.0.5.jar:7.0.5]
	at org.springframework.test.web.servlet.setup.MockMvcFilterDecorator.doFilter(MockMvcFilterDecorator.java:160) ~[spring-test-7.0.5.jar:7.0.5]
	at org.springframework.mock.web.MockFilterChain.doFilter(MockFilterChain.java:127) ~[spring-test-7.0.5.jar:7.0.5]
	at org.springframework.test.web.servlet.MockMvc.perform(MockMvc.java:199) ~[spring-test-7.0.5.jar:7.0.5]
	at com.nnk.controllers.BidListControllerTest.shouldReturnFormWithErrorIfExceptionThrown(BidListControllerTest.java:154) ~[test-classes/:na]
	at java.base/jdk.internal.reflect.DirectMethodHandleAccessor.invoke(DirectMethodHandleAccessor.java:103) ~[na:na]
	at java.base/java.lang.reflect.Method.invoke(Method.java:580) ~[na:na]
	at org.junit.platform.commons.util.ReflectionUtils.invokeMethod(ReflectionUtils.java:701) ~[junit-platform-commons-6.0.3.jar:6.0.3]
	at org.junit.platform.commons.support.ReflectionSupport.invokeMethod(ReflectionSupport.java:502) ~[junit-platform-commons-6.0.3.jar:6.0.3]
	at org.junit.jupiter.engine.support.MethodReflectionUtils.invoke(MethodReflectionUtils.java:45) ~[junit-jupiter-engine-6.0.3.jar:6.0.3]
	at org.junit.jupiter.engine.execution.MethodInvocation.proceed(MethodInvocation.java:61) ~[junit-jupiter-engine-6.0.3.jar:6.0.3]
	at org.junit.jupiter.engine.execution.InvocationInterceptorChain$ValidatingInvocation.proceed(InvocationInterceptorChain.java:124) ~[junit-jupiter-engine-6.0.3.jar:6.0.3]
	at org.junit.jupiter.engine.extension.TimeoutExtension.intercept(TimeoutExtension.java:163) ~[junit-jupiter-engine-6.0.3.jar:6.0.3]
	at org.junit.jupiter.engine.extension.TimeoutExtension.interceptTestableMethod(TimeoutExtension.java:148) ~[junit-jupiter-engine-6.0.3.jar:6.0.3]
	at org.junit.jupiter.engine.extension.TimeoutExtension.interceptTestMethod(TimeoutExtension.java:86) ~[junit-jupiter-engine-6.0.3.jar:6.0.3]
	at org.junit.jupiter.engine.execution.InterceptingExecutableInvoker$ReflectiveInterceptorCall.lambda$ofVoidMethod$0(InterceptingExecutableInvoker.java:123) ~[junit-jupiter-engine-6.0.3.jar:6.0.3]
	at org.junit.jupiter.engine.execution.InterceptingExecutableInvoker.lambda$invoke$0(InterceptingExecutableInvoker.java:105) ~[junit-jupiter-engine-6.0.3.jar:6.0.3]
	at org.junit.jupiter.engine.execution.InvocationInterceptorChain$InterceptedInvocation.proceed(InvocationInterceptorChain.java:99) ~[junit-jupiter-engine-6.0.3.jar:6.0.3]
	at org.junit.jupiter.engine.execution.InvocationInterceptorChain.proceed(InvocationInterceptorChain.java:66) ~[junit-jupiter-engine-6.0.3.jar:6.0.3]
	at org.junit.jupiter.engine.execution.InvocationInterceptorChain.chainAndInvoke(InvocationInterceptorChain.java:47) ~[junit-jupiter-engine-6.0.3.jar:6.0.3]
	at org.junit.jupiter.engine.execution.InvocationInterceptorChain.invoke(InvocationInterceptorChain.java:39) ~[junit-jupiter-engine-6.0.3.jar:6.0.3]
	at org.junit.jupiter.engine.execution.InterceptingExecutableInvoker.invoke(InterceptingExecutableInvoker.java:104) ~[junit-jupiter-engine-6.0.3.jar:6.0.3]
	at org.junit.jupiter.engine.execution.InterceptingExecutableInvoker.invoke(InterceptingExecutableInvoker.java:98) ~[junit-jupiter-engine-6.0.3.jar:6.0.3]
	at org.junit.jupiter.engine.execution.InterceptingExecutableInvoker.invokeVoid(InterceptingExecutableInvoker.java:71) ~[junit-jupiter-engine-6.0.3.jar:6.0.3]
	at org.junit.jupiter.engine.descriptor.TestMethodTestDescriptor.lambda$invokeTestMethod$0(TestMethodTestDescriptor.java:219) ~[junit-jupiter-engine-6.0.3.jar:6.0.3]
	at org.junit.platform.engine.support.hierarchical.ThrowableCollector.execute(ThrowableCollector.java:74) ~[junit-platform-engine-6.0.3.jar:6.0.3]
	at org.junit.jupiter.engine.descriptor.TestMethodTestDescriptor.invokeTestMethod(TestMethodTestDescriptor.java:215) ~[junit-jupiter-engine-6.0.3.jar:6.0.3]
	at org.junit.jupiter.engine.descriptor.TestMethodTestDescriptor.execute(TestMethodTestDescriptor.java:157) ~[junit-jupiter-engine-6.0.3.jar:6.0.3]
	at org.junit.jupiter.engine.descriptor.TestMethodTestDescriptor.execute(TestMethodTestDescriptor.java:70) ~[junit-jupiter-engine-6.0.3.jar:6.0.3]
	at org.junit.platform.engine.support.hierarchical.NodeTestTask.lambda$executeRecursively$2(NodeTestTask.java:176) ~[junit-platform-engine-6.0.3.jar:6.0.3]
	at org.junit.platform.engine.support.hierarchical.ThrowableCollector.execute(ThrowableCollector.java:74) ~[junit-platform-engine-6.0.3.jar:6.0.3]
	at org.junit.platform.engine.support.hierarchical.NodeTestTask.lambda$executeRecursively$1(NodeTestTask.java:166) ~[junit-platform-engine-6.0.3.jar:6.0.3]
	at org.junit.platform.engine.support.hierarchical.Node.around(Node.java:138) ~[junit-platform-engine-6.0.3.jar:6.0.3]
	at org.junit.platform.engine.support.hierarchical.NodeTestTask.lambda$executeRecursively$0(NodeTestTask.java:164) ~[junit-platform-engine-6.0.3.jar:6.0.3]
	at org.junit.platform.engine.support.hierarchical.ThrowableCollector.execute(ThrowableCollector.java:74) ~[junit-platform-engine-6.0.3.jar:6.0.3]
	at org.junit.platform.engine.support.hierarchical.NodeTestTask.executeRecursively(NodeTestTask.java:163) ~[junit-platform-engine-6.0.3.jar:6.0.3]
	at org.junit.platform.engine.support.hierarchical.NodeTestTask.execute(NodeTestTask.java:116) ~[junit-platform-engine-6.0.3.jar:6.0.3]
	at java.base/java.util.ArrayList.forEach(ArrayList.java:1596) ~[na:na]
	at org.junit.platform.engine.support.hierarchical.SameThreadHierarchicalTestExecutorService.invokeAll(SameThreadHierarchicalTestExecutorService.java:42) ~[junit-platform-engine-6.0.3.jar:6.0.3]
	at org.junit.platform.engine.support.hierarchical.NodeTestTask.lambda$executeRecursively$2(NodeTestTask.java:180) ~[junit-platform-engine-6.0.3.jar:6.0.3]
	at org.junit.platform.engine.support.hierarchical.ThrowableCollector.execute(ThrowableCollector.java:74) ~[junit-platform-engine-6.0.3.jar:6.0.3]
	at org.junit.platform.engine.support.hierarchical.NodeTestTask.lambda$executeRecursively$1(NodeTestTask.java:166) ~[junit-platform-engine-6.0.3.jar:6.0.3]
	at org.junit.platform.engine.support.hierarchical.Node.around(Node.java:138) ~[junit-platform-engine-6.0.3.jar:6.0.3]
	at org.junit.platform.engine.support.hierarchical.NodeTestTask.lambda$executeRecursively$0(NodeTestTask.java:164) ~[junit-platform-engine-6.0.3.jar:6.0.3]
	at org.junit.platform.engine.support.hierarchical.ThrowableCollector.execute(ThrowableCollector.java:74) ~[junit-platform-engine-6.0.3.jar:6.0.3]
	at org.junit.platform.engine.support.hierarchical.NodeTestTask.executeRecursively(NodeTestTask.java:163) ~[junit-platform-engine-6.0.3.jar:6.0.3]
	at org.junit.platform.engine.support.hierarchical.NodeTestTask.execute(NodeTestTask.java:116) ~[junit-platform-engine-6.0.3.jar:6.0.3]
	at java.base/java.util.ArrayList.forEach(ArrayList.java:1596) ~[na:na]
	at org.junit.platform.engine.support.hierarchical.SameThreadHierarchicalTestExecutorService.invokeAll(SameThreadHierarchicalTestExecutorService.java:42) ~[junit-platform-engine-6.0.3.jar:6.0.3]
	at org.junit.platform.engine.support.hierarchical.NodeTestTask.lambda$executeRecursively$2(NodeTestTask.java:180) ~[junit-platform-engine-6.0.3.jar:6.0.3]
	at org.junit.platform.engine.support.hierarchical.ThrowableCollector.execute(ThrowableCollector.java:74) ~[junit-platform-engine-6.0.3.jar:6.0.3]
	at org.junit.platform.engine.support.hierarchical.NodeTestTask.lambda$executeRecursively$1(NodeTestTask.java:166) ~[junit-platform-engine-6.0.3.jar:6.0.3]
	at org.junit.platform.engine.support.hierarchical.Node.around(Node.java:138) ~[junit-platform-engine-6.0.3.jar:6.0.3]
	at org.junit.platform.engine.support.hierarchical.NodeTestTask.lambda$executeRecursively$0(NodeTestTask.java:164) ~[junit-platform-engine-6.0.3.jar:6.0.3]
	at org.junit.platform.engine.support.hierarchical.ThrowableCollector.execute(ThrowableCollector.java:74) ~[junit-platform-engine-6.0.3.jar:6.0.3]
	at org.junit.platform.engine.support.hierarchical.NodeTestTask.executeRecursively(NodeTestTask.java:163) ~[junit-platform-engine-6.0.3.jar:6.0.3]
	at org.junit.platform.engine.support.hierarchical.NodeTestTask.execute(NodeTestTask.java:116) ~[junit-platform-engine-6.0.3.jar:6.0.3]
	at org.junit.platform.engine.support.hierarchical.SameThreadHierarchicalTestExecutorService.submit(SameThreadHierarchicalTestExecutorService.java:36) ~[junit-platform-engine-6.0.3.jar:6.0.3]
	at org.junit.platform.engine.support.hierarchical.HierarchicalTestExecutor.execute(HierarchicalTestExecutor.java:52) ~[junit-platform-engine-6.0.3.jar:6.0.3]
	at org.junit.platform.engine.support.hierarchical.HierarchicalTestEngine.execute(HierarchicalTestEngine.java:58) ~[junit-platform-engine-6.0.3.jar:6.0.3]
	at org.junit.platform.launcher.core.EngineExecutionOrchestrator.executeEngine(EngineExecutionOrchestrator.java:246) ~[junit-platform-launcher-6.0.3.jar:6.0.3]
	at org.junit.platform.launcher.core.EngineExecutionOrchestrator.failOrExecuteEngine(EngineExecutionOrchestrator.java:218) ~[junit-platform-launcher-6.0.3.jar:6.0.3]
	at org.junit.platform.launcher.core.EngineExecutionOrchestrator.execute(EngineExecutionOrchestrator.java:179) ~[junit-platform-launcher-6.0.3.jar:6.0.3]
	at org.junit.platform.launcher.core.EngineExecutionOrchestrator.execute(EngineExecutionOrchestrator.java:108) ~[junit-platform-launcher-6.0.3.jar:6.0.3]
	at org.junit.platform.launcher.core.EngineExecutionOrchestrator.lambda$execute$0(EngineExecutionOrchestrator.java:66) ~[junit-platform-launcher-6.0.3.jar:6.0.3]
	at org.junit.platform.launcher.core.EngineExecutionOrchestrator.withInterceptedStreams(EngineExecutionOrchestrator.java:157) ~[junit-platform-launcher-6.0.3.jar:6.0.3]
	at org.junit.platform.launcher.core.EngineExecutionOrchestrator.execute(EngineExecutionOrchestrator.java:65) ~[junit-platform-launcher-6.0.3.jar:6.0.3]
	at org.junit.platform.launcher.core.DefaultLauncher.execute(DefaultLauncher.java:125) ~[junit-platform-launcher-6.0.3.jar:6.0.3]
	at org.junit.platform.launcher.core.DefaultLauncher.execute(DefaultLauncher.java:114) ~[junit-platform-launcher-6.0.3.jar:6.0.3]
	at org.junit.platform.launcher.core.DelegatingLauncher.execute(DelegatingLauncher.java:58) ~[junit-platform-launcher-6.0.3.jar:6.0.3]
	at org.junit.platform.launcher.core.InterceptingLauncher.lambda$execute$2(InterceptingLauncher.java:57) ~[junit-platform-launcher-6.0.3.jar:6.0.3]
	at org.junit.platform.launcher.core.ClasspathAlignmentCheckingLauncherInterceptor.intercept(ClasspathAlignmentCheckingLauncherInterceptor.java:25) ~[junit-platform-launcher-6.0.3.jar:6.0.3]
	at org.junit.platform.launcher.core.InterceptingLauncher.execute(InterceptingLauncher.java:56) ~[junit-platform-launcher-6.0.3.jar:6.0.3]
	at org.junit.platform.launcher.core.DelegatingLauncher.execute(DelegatingLauncher.java:58) ~[junit-platform-launcher-6.0.3.jar:6.0.3]
	at java.base/jdk.internal.reflect.DirectMethodHandleAccessor.invoke(DirectMethodHandleAccessor.java:103) ~[na:na]
	at java.base/java.lang.reflect.Method.invoke(Method.java:580) ~[na:na]
	at org.apache.maven.surefire.api.util.ReflectionUtils.invokeMethodWithArray(ReflectionUtils.java:125) ~[surefire-api-3.5.4.jar:3.5.4]
	at org.apache.maven.surefire.junitplatform.LauncherAdapter.executeWithCancellationToken(LauncherAdapter.java:68) ~[surefire-junit-platform-3.5.4.jar:3.5.4]
	at org.apache.maven.surefire.junitplatform.LauncherAdapter.execute(LauncherAdapter.java:54) ~[surefire-junit-platform-3.5.4.jar:3.5.4]
	at org.apache.maven.surefire.junitplatform.JUnitPlatformProvider.execute(JUnitPlatformProvider.java:203) ~[surefire-junit-platform-3.5.4.jar:3.5.4]
	at org.apache.maven.surefire.junitplatform.JUnitPlatformProvider.invokeAllTests(JUnitPlatformProvider.java:168) ~[surefire-junit-platform-3.5.4.jar:3.5.4]
	at org.apache.maven.surefire.junitplatform.JUnitPlatformProvider.invoke(JUnitPlatformProvider.java:136) ~[surefire-junit-platform-3.5.4.jar:3.5.4]
	at org.apache.maven.surefire.booter.ForkedBooter.runSuitesInProcess(ForkedBooter.java:385) ~[surefire-booter-3.5.4.jar:3.5.4]
	at org.apache.maven.surefire.booter.ForkedBooter.execute(ForkedBooter.java:162) ~[surefire-booter-3.5.4.jar:3.5.4]
	at org.apache.maven.surefire.booter.ForkedBooter.run(ForkedBooter.java:507) ~[surefire-booter-3.5.4.jar:3.5.4]
	at org.apache.maven.surefire.booter.ForkedBooter.main(ForkedBooter.java:495) ~[surefire-booter-3.5.4.jar:3.5.4]

]]></system-out>
  </testcase>
  <testcase name="shouldReturnFormWithErrorIfBindingFails" classname="com.nnk.controllers.BidListControllerTest" time="0.013">
    <system-out><![CDATA[Hibernate: insert into users (fullname,password,role,username,id) values (?,?,?,?,default)
Hibernate: insert into bidlist (account,ask,ask_quantity,benchmark,bid,bid_list_date,bid_quantity,book,commentary,creation_date,creation_name,deal_name,deal_type,revision_date,revision_name,security,side,source_list_id,status,trader,type,bid_list_id) values (?,?,?,?,?,?,?,?,?,?,?,?,?,?,?,?,?,?,?,?,?,default)
2026-04-08T07:58:42.514+02:00 DEBUG 3938726 --- [           main] w.c.HttpSessionSecurityContextRepository : Created HttpSession as SecurityContext is non-default
2026-04-08T07:58:42.515+02:00 DEBUG 3938726 --- [           main] w.c.HttpSessionSecurityContextRepository : Stored SecurityContextImpl [Authentication=UsernamePasswordAuthenticationToken [Principal=org.springframework.security.core.userdetails.User [Username=user, Password=[PROTECTED], Enabled=true, AccountNonExpired=true, CredentialsNonExpired=true, AccountNonLocked=true, Granted Authorities=[ROLE_USER]], Credentials=[PROTECTED], Authenticated=true, Details=null, Granted Authorities=[ROLE_USER]]] to HttpSession [org.springframework.mock.web.MockHttpSession@6a2ef31d]
2026-04-08T07:58:42.515+02:00 DEBUG 3938726 --- [           main] o.s.security.web.FilterChainProxy        : Securing POST /bidList/validate
2026-04-08T07:58:42.515+02:00 DEBUG 3938726 --- [           main] w.c.HttpSessionSecurityContextRepository : Retrieved SecurityContextImpl [Authentication=UsernamePasswordAuthenticationToken [Principal=org.springframework.security.core.userdetails.User [Username=user, Password=[PROTECTED], Enabled=true, AccountNonExpired=true, CredentialsNonExpired=true, AccountNonLocked=true, Granted Authorities=[ROLE_USER]], Credentials=[PROTECTED], Authenticated=true, Details=null, Granted Authorities=[ROLE_USER]]]
2026-04-08T07:58:42.515+02:00 DEBUG 3938726 --- [           main] o.s.security.web.FilterChainProxy        : Secured POST /bidList/validate
]]></system-out>
  </testcase>
  <testcase name="shouldRedirectToListIfExceptionThrown" classname="com.nnk.controllers.BidListControllerTest" time="0.01">
    <system-out><![CDATA[Hibernate: insert into users (fullname,password,role,username,id) values (?,?,?,?,default)
Hibernate: insert into bidlist (account,ask,ask_quantity,benchmark,bid,bid_list_date,bid_quantity,book,commentary,creation_date,creation_name,deal_name,deal_type,revision_date,revision_name,security,side,source_list_id,status,trader,type,bid_list_id) values (?,?,?,?,?,?,?,?,?,?,?,?,?,?,?,?,?,?,?,?,?,default)
2026-04-08T07:58:42.528+02:00 DEBUG 3938726 --- [           main] w.c.HttpSessionSecurityContextRepository : Created HttpSession as SecurityContext is non-default
2026-04-08T07:58:42.528+02:00 DEBUG 3938726 --- [           main] w.c.HttpSessionSecurityContextRepository : Stored SecurityContextImpl [Authentication=UsernamePasswordAuthenticationToken [Principal=org.springframework.security.core.userdetails.User [Username=user, Password=[PROTECTED], Enabled=true, AccountNonExpired=true, CredentialsNonExpired=true, AccountNonLocked=true, Granted Authorities=[ROLE_USER]], Credentials=[PROTECTED], Authenticated=true, Details=null, Granted Authorities=[ROLE_USER]]] to HttpSession [org.springframework.mock.web.MockHttpSession@77ea0c33]
2026-04-08T07:58:42.528+02:00 DEBUG 3938726 --- [           main] o.s.security.web.FilterChainProxy        : Securing GET /bidList/update/999
2026-04-08T07:58:42.529+02:00 DEBUG 3938726 --- [           main] w.c.HttpSessionSecurityContextRepository : Retrieved SecurityContextImpl [Authentication=UsernamePasswordAuthenticationToken [Principal=org.springframework.security.core.userdetails.User [Username=user, Password=[PROTECTED], Enabled=true, AccountNonExpired=true, CredentialsNonExpired=true, AccountNonLocked=true, Granted Authorities=[ROLE_USER]], Credentials=[PROTECTED], Authenticated=true, Details=null, Granted Authorities=[ROLE_USER]]]
2026-04-08T07:58:42.529+02:00 DEBUG 3938726 --- [           main] o.s.security.web.FilterChainProxy        : Secured GET /bidList/update/999
Hibernate: select bl1_0.bid_list_id,bl1_0.account,bl1_0.ask,bl1_0.ask_quantity,bl1_0.benchmark,bl1_0.bid,bl1_0.bid_list_date,bl1_0.bid_quantity,bl1_0.book,bl1_0.commentary,bl1_0.creation_date,bl1_0.creation_name,bl1_0.deal_name,bl1_0.deal_type,bl1_0.revision_date,bl1_0.revision_name,bl1_0.security,bl1_0.side,bl1_0.source_list_id,bl1_0.status,bl1_0.trader,bl1_0.type from bidlist bl1_0 where bl1_0.bid_list_id=?
2026-04-08T07:58:42.531+02:00  WARN 3938726 --- [           main] com.nnk.controllers.BidListController    : Impossible de charger bidList id=999 - Id not found
]]></system-out>
  </testcase>
</testsuite>